{"/Users/meodai/Sites/pro-palette/src/color-palette-generator.ts": {"path":"/Users/meodai/Sites/pro-palette/src/color-palette-generator.ts","all":false,"statementMap":{"7":{"start":{"line":8,"column":0},"end":{"line":8,"column":62}},"8":{"start":{"line":9,"column":0},"end":{"line":9,"column":51}},"9":{"start":{"line":10,"column":0},"end":{"line":10,"column":57}},"32":{"start":{"line":33,"column":0},"end":{"line":33,"column":60}},"33":{"start":{"line":34,"column":0},"end":{"line":34,"column":18}},"34":{"start":{"line":35,"column":0},"end":{"line":35,"column":32}},"35":{"start":{"line":36,"column":0},"end":{"line":36,"column":50}},"36":{"start":{"line":37,"column":0},"end":{"line":37,"column":65}},"39":{"start":{"line":40,"column":0},"end":{"line":40,"column":30}},"40":{"start":{"line":41,"column":0},"end":{"line":41,"column":20}},"41":{"start":{"line":42,"column":0},"end":{"line":42,"column":20}},"43":{"start":{"line":44,"column":0},"end":{"line":44,"column":52}},"44":{"start":{"line":45,"column":0},"end":{"line":45,"column":14}},"45":{"start":{"line":46,"column":0},"end":{"line":46,"column":22}},"47":{"start":{"line":48,"column":0},"end":{"line":48,"column":43}},"48":{"start":{"line":49,"column":0},"end":{"line":49,"column":66}},"49":{"start":{"line":50,"column":0},"end":{"line":50,"column":51}},"50":{"start":{"line":51,"column":0},"end":{"line":51,"column":78}},"51":{"start":{"line":52,"column":0},"end":{"line":52,"column":52}},"52":{"start":{"line":53,"column":0},"end":{"line":53,"column":83}},"53":{"start":{"line":54,"column":0},"end":{"line":54,"column":53}},"54":{"start":{"line":55,"column":0},"end":{"line":55,"column":81}},"55":{"start":{"line":56,"column":0},"end":{"line":56,"column":53}},"56":{"start":{"line":57,"column":0},"end":{"line":57,"column":69}},"57":{"start":{"line":58,"column":0},"end":{"line":58,"column":16}},"58":{"start":{"line":59,"column":0},"end":{"line":59,"column":80}},"60":{"start":{"line":61,"column":0},"end":{"line":61,"column":14}},"61":{"start":{"line":62,"column":0},"end":{"line":62,"column":20}},"63":{"start":{"line":64,"column":0},"end":{"line":64,"column":45}},"64":{"start":{"line":65,"column":0},"end":{"line":65,"column":73}},"65":{"start":{"line":66,"column":0},"end":{"line":66,"column":51}},"66":{"start":{"line":67,"column":0},"end":{"line":67,"column":55}},"67":{"start":{"line":68,"column":0},"end":{"line":68,"column":47}},"68":{"start":{"line":69,"column":0},"end":{"line":69,"column":52}},"69":{"start":{"line":70,"column":0},"end":{"line":70,"column":53}},"70":{"start":{"line":71,"column":0},"end":{"line":71,"column":53}},"71":{"start":{"line":72,"column":0},"end":{"line":72,"column":72}},"72":{"start":{"line":73,"column":0},"end":{"line":73,"column":53}},"73":{"start":{"line":74,"column":0},"end":{"line":74,"column":53}},"74":{"start":{"line":75,"column":0},"end":{"line":75,"column":16}},"75":{"start":{"line":76,"column":0},"end":{"line":76,"column":80}},"77":{"start":{"line":78,"column":0},"end":{"line":78,"column":14}},"78":{"start":{"line":79,"column":0},"end":{"line":79,"column":21}},"80":{"start":{"line":81,"column":0},"end":{"line":81,"column":54}},"81":{"start":{"line":82,"column":0},"end":{"line":82,"column":54}},"82":{"start":{"line":83,"column":0},"end":{"line":83,"column":74}},"83":{"start":{"line":84,"column":0},"end":{"line":84,"column":53}},"84":{"start":{"line":85,"column":0},"end":{"line":85,"column":16}},"85":{"start":{"line":86,"column":0},"end":{"line":86,"column":57}},"86":{"start":{"line":87,"column":0},"end":{"line":87,"column":71}},"88":{"start":{"line":89,"column":0},"end":{"line":89,"column":14}},"89":{"start":{"line":90,"column":0},"end":{"line":90,"column":14}},"90":{"start":{"line":91,"column":0},"end":{"line":91,"column":52}},"94":{"start":{"line":95,"column":0},"end":{"line":95,"column":19}},"95":{"start":{"line":96,"column":0},"end":{"line":96,"column":95}},"96":{"start":{"line":97,"column":0},"end":{"line":97,"column":32}},"100":{"start":{"line":101,"column":0},"end":{"line":101,"column":12}},"102":{"start":{"line":103,"column":0},"end":{"line":103,"column":54}},"105":{"start":{"line":106,"column":0},"end":{"line":106,"column":82}},"108":{"start":{"line":109,"column":0},"end":{"line":109,"column":66}},"111":{"start":{"line":112,"column":0},"end":{"line":112,"column":66}},"114":{"start":{"line":115,"column":0},"end":{"line":115,"column":73}},"117":{"start":{"line":118,"column":0},"end":{"line":118,"column":73}},"118":{"start":{"line":119,"column":0},"end":{"line":119,"column":6}},"120":{"start":{"line":121,"column":0},"end":{"line":121,"column":2}},"124":{"start":{"line":125,"column":0},"end":{"line":125,"column":56}},"125":{"start":{"line":126,"column":0},"end":{"line":126,"column":14}},"126":{"start":{"line":127,"column":0},"end":{"line":127,"column":32}},"127":{"start":{"line":128,"column":0},"end":{"line":128,"column":50}},"128":{"start":{"line":129,"column":0},"end":{"line":129,"column":65}},"130":{"start":{"line":131,"column":0},"end":{"line":131,"column":32}},"132":{"start":{"line":133,"column":0},"end":{"line":133,"column":20}},"133":{"start":{"line":134,"column":0},"end":{"line":134,"column":20}},"135":{"start":{"line":136,"column":0},"end":{"line":136,"column":25}},"136":{"start":{"line":137,"column":0},"end":{"line":137,"column":18}},"137":{"start":{"line":138,"column":0},"end":{"line":138,"column":37}},"138":{"start":{"line":139,"column":0},"end":{"line":139,"column":37}},"139":{"start":{"line":140,"column":0},"end":{"line":140,"column":37}},"140":{"start":{"line":141,"column":0},"end":{"line":141,"column":37}},"141":{"start":{"line":142,"column":0},"end":{"line":142,"column":37}},"142":{"start":{"line":143,"column":0},"end":{"line":143,"column":10}},"143":{"start":{"line":144,"column":0},"end":{"line":144,"column":14}},"144":{"start":{"line":145,"column":0},"end":{"line":145,"column":22}},"146":{"start":{"line":147,"column":0},"end":{"line":147,"column":43}},"148":{"start":{"line":149,"column":0},"end":{"line":149,"column":27}},"149":{"start":{"line":150,"column":0},"end":{"line":150,"column":20}},"150":{"start":{"line":151,"column":0},"end":{"line":151,"column":39}},"151":{"start":{"line":152,"column":0},"end":{"line":152,"column":38}},"152":{"start":{"line":153,"column":0},"end":{"line":153,"column":38}},"153":{"start":{"line":154,"column":0},"end":{"line":154,"column":39}},"154":{"start":{"line":155,"column":0},"end":{"line":155,"column":39}},"155":{"start":{"line":156,"column":0},"end":{"line":156,"column":12}},"156":{"start":{"line":157,"column":0},"end":{"line":157,"column":51}},"158":{"start":{"line":159,"column":0},"end":{"line":159,"column":27}},"159":{"start":{"line":160,"column":0},"end":{"line":160,"column":20}},"160":{"start":{"line":161,"column":0},"end":{"line":161,"column":39}},"161":{"start":{"line":162,"column":0},"end":{"line":162,"column":39}},"162":{"start":{"line":163,"column":0},"end":{"line":163,"column":39}},"163":{"start":{"line":164,"column":0},"end":{"line":164,"column":39}},"164":{"start":{"line":165,"column":0},"end":{"line":165,"column":39}},"165":{"start":{"line":166,"column":0},"end":{"line":166,"column":12}},"166":{"start":{"line":167,"column":0},"end":{"line":167,"column":16}},"168":{"start":{"line":169,"column":0},"end":{"line":169,"column":27}},"169":{"start":{"line":170,"column":0},"end":{"line":170,"column":20}},"170":{"start":{"line":171,"column":0},"end":{"line":171,"column":39}},"171":{"start":{"line":172,"column":0},"end":{"line":172,"column":39}},"172":{"start":{"line":173,"column":0},"end":{"line":173,"column":39}},"173":{"start":{"line":174,"column":0},"end":{"line":174,"column":39}},"174":{"start":{"line":175,"column":0},"end":{"line":175,"column":39}},"175":{"start":{"line":176,"column":0},"end":{"line":176,"column":12}},"177":{"start":{"line":178,"column":0},"end":{"line":178,"column":14}},"178":{"start":{"line":179,"column":0},"end":{"line":179,"column":20}},"180":{"start":{"line":181,"column":0},"end":{"line":181,"column":45}},"182":{"start":{"line":183,"column":0},"end":{"line":183,"column":27}},"183":{"start":{"line":184,"column":0},"end":{"line":184,"column":20}},"184":{"start":{"line":185,"column":0},"end":{"line":185,"column":39}},"185":{"start":{"line":186,"column":0},"end":{"line":186,"column":39}},"186":{"start":{"line":187,"column":0},"end":{"line":187,"column":38}},"187":{"start":{"line":188,"column":0},"end":{"line":188,"column":39}},"188":{"start":{"line":189,"column":0},"end":{"line":189,"column":39}},"189":{"start":{"line":190,"column":0},"end":{"line":190,"column":12}},"190":{"start":{"line":191,"column":0},"end":{"line":191,"column":53}},"192":{"start":{"line":193,"column":0},"end":{"line":193,"column":27}},"193":{"start":{"line":194,"column":0},"end":{"line":194,"column":20}},"194":{"start":{"line":195,"column":0},"end":{"line":195,"column":39}},"195":{"start":{"line":196,"column":0},"end":{"line":196,"column":39}},"196":{"start":{"line":197,"column":0},"end":{"line":197,"column":38}},"197":{"start":{"line":198,"column":0},"end":{"line":198,"column":39}},"198":{"start":{"line":199,"column":0},"end":{"line":199,"column":39}},"199":{"start":{"line":200,"column":0},"end":{"line":200,"column":12}},"200":{"start":{"line":201,"column":0},"end":{"line":201,"column":16}},"202":{"start":{"line":203,"column":0},"end":{"line":203,"column":27}},"203":{"start":{"line":204,"column":0},"end":{"line":204,"column":20}},"204":{"start":{"line":205,"column":0},"end":{"line":205,"column":39}},"205":{"start":{"line":206,"column":0},"end":{"line":206,"column":39}},"206":{"start":{"line":207,"column":0},"end":{"line":207,"column":39}},"207":{"start":{"line":208,"column":0},"end":{"line":208,"column":39}},"208":{"start":{"line":209,"column":0},"end":{"line":209,"column":39}},"209":{"start":{"line":210,"column":0},"end":{"line":210,"column":12}},"211":{"start":{"line":212,"column":0},"end":{"line":212,"column":14}},"212":{"start":{"line":213,"column":0},"end":{"line":213,"column":21}},"214":{"start":{"line":215,"column":0},"end":{"line":215,"column":67}},"216":{"start":{"line":217,"column":0},"end":{"line":217,"column":27}},"217":{"start":{"line":218,"column":0},"end":{"line":218,"column":20}},"218":{"start":{"line":219,"column":0},"end":{"line":219,"column":39}},"219":{"start":{"line":220,"column":0},"end":{"line":220,"column":39}},"220":{"start":{"line":221,"column":0},"end":{"line":221,"column":38}},"221":{"start":{"line":222,"column":0},"end":{"line":222,"column":39}},"222":{"start":{"line":223,"column":0},"end":{"line":223,"column":39}},"223":{"start":{"line":224,"column":0},"end":{"line":224,"column":12}},"224":{"start":{"line":225,"column":0},"end":{"line":225,"column":16}},"226":{"start":{"line":227,"column":0},"end":{"line":227,"column":27}},"227":{"start":{"line":228,"column":0},"end":{"line":228,"column":20}},"228":{"start":{"line":229,"column":0},"end":{"line":229,"column":39}},"229":{"start":{"line":230,"column":0},"end":{"line":230,"column":39}},"230":{"start":{"line":231,"column":0},"end":{"line":231,"column":38}},"231":{"start":{"line":232,"column":0},"end":{"line":232,"column":39}},"232":{"start":{"line":233,"column":0},"end":{"line":233,"column":39}},"233":{"start":{"line":234,"column":0},"end":{"line":234,"column":12}},"235":{"start":{"line":236,"column":0},"end":{"line":236,"column":14}},"236":{"start":{"line":237,"column":0},"end":{"line":237,"column":14}},"237":{"start":{"line":238,"column":0},"end":{"line":238,"column":25}},"238":{"start":{"line":239,"column":0},"end":{"line":239,"column":18}},"239":{"start":{"line":240,"column":0},"end":{"line":240,"column":37}},"240":{"start":{"line":241,"column":0},"end":{"line":241,"column":37}},"241":{"start":{"line":242,"column":0},"end":{"line":242,"column":37}},"242":{"start":{"line":243,"column":0},"end":{"line":243,"column":37}},"243":{"start":{"line":244,"column":0},"end":{"line":244,"column":37}},"244":{"start":{"line":245,"column":0},"end":{"line":245,"column":10}},"248":{"start":{"line":249,"column":0},"end":{"line":249,"column":24}},"249":{"start":{"line":250,"column":0},"end":{"line":250,"column":38}},"250":{"start":{"line":251,"column":0},"end":{"line":251,"column":56}},"251":{"start":{"line":252,"column":0},"end":{"line":252,"column":49}},"252":{"start":{"line":253,"column":0},"end":{"line":253,"column":41}},"253":{"start":{"line":254,"column":0},"end":{"line":254,"column":62}},"254":{"start":{"line":255,"column":0},"end":{"line":255,"column":51}},"255":{"start":{"line":256,"column":0},"end":{"line":256,"column":6}},"258":{"start":{"line":259,"column":0},"end":{"line":259,"column":46}},"259":{"start":{"line":260,"column":0},"end":{"line":260,"column":24}},"260":{"start":{"line":261,"column":0},"end":{"line":261,"column":63}},"263":{"start":{"line":264,"column":0},"end":{"line":264,"column":42}},"264":{"start":{"line":265,"column":0},"end":{"line":265,"column":25}},"265":{"start":{"line":266,"column":0},"end":{"line":266,"column":55}},"266":{"start":{"line":267,"column":0},"end":{"line":267,"column":64}},"268":{"start":{"line":269,"column":0},"end":{"line":269,"column":21}},"269":{"start":{"line":270,"column":0},"end":{"line":270,"column":79}},"270":{"start":{"line":271,"column":0},"end":{"line":271,"column":29}},"271":{"start":{"line":272,"column":0},"end":{"line":272,"column":35}},"272":{"start":{"line":273,"column":0},"end":{"line":273,"column":32}},"275":{"start":{"line":276,"column":0},"end":{"line":276,"column":64}},"276":{"start":{"line":277,"column":0},"end":{"line":277,"column":7}},"278":{"start":{"line":279,"column":0},"end":{"line":279,"column":2}},"282":{"start":{"line":283,"column":0},"end":{"line":283,"column":54}},"283":{"start":{"line":284,"column":0},"end":{"line":284,"column":12}},"284":{"start":{"line":285,"column":0},"end":{"line":285,"column":32}},"285":{"start":{"line":286,"column":0},"end":{"line":286,"column":30}},"286":{"start":{"line":287,"column":0},"end":{"line":287,"column":65}},"289":{"start":{"line":290,"column":0},"end":{"line":290,"column":30}},"291":{"start":{"line":292,"column":0},"end":{"line":292,"column":63}},"292":{"start":{"line":293,"column":0},"end":{"line":293,"column":10}},"293":{"start":{"line":294,"column":0},"end":{"line":294,"column":30}},"294":{"start":{"line":295,"column":0},"end":{"line":295,"column":30}},"295":{"start":{"line":296,"column":0},"end":{"line":296,"column":6}},"297":{"start":{"line":298,"column":0},"end":{"line":298,"column":47}},"298":{"start":{"line":299,"column":0},"end":{"line":299,"column":26}},"299":{"start":{"line":300,"column":0},"end":{"line":300,"column":33}},"300":{"start":{"line":301,"column":0},"end":{"line":301,"column":71}},"302":{"start":{"line":303,"column":0},"end":{"line":303,"column":35}},"303":{"start":{"line":304,"column":0},"end":{"line":304,"column":71}},"305":{"start":{"line":306,"column":0},"end":{"line":306,"column":36}},"306":{"start":{"line":307,"column":0},"end":{"line":307,"column":71}},"308":{"start":{"line":309,"column":0},"end":{"line":309,"column":36}},"309":{"start":{"line":310,"column":0},"end":{"line":310,"column":71}},"311":{"start":{"line":312,"column":0},"end":{"line":312,"column":36}},"312":{"start":{"line":313,"column":0},"end":{"line":313,"column":71}},"314":{"start":{"line":315,"column":0},"end":{"line":315,"column":69}},"317":{"start":{"line":318,"column":0},"end":{"line":318,"column":48}},"318":{"start":{"line":319,"column":0},"end":{"line":319,"column":26}},"319":{"start":{"line":320,"column":0},"end":{"line":320,"column":32}},"320":{"start":{"line":321,"column":0},"end":{"line":321,"column":38}},"321":{"start":{"line":322,"column":0},"end":{"line":322,"column":35}},"322":{"start":{"line":323,"column":0},"end":{"line":323,"column":71}},"324":{"start":{"line":325,"column":0},"end":{"line":325,"column":34}},"325":{"start":{"line":326,"column":0},"end":{"line":326,"column":45}},"326":{"start":{"line":327,"column":0},"end":{"line":327,"column":16}},"327":{"start":{"line":328,"column":0},"end":{"line":328,"column":14}},"328":{"start":{"line":329,"column":0},"end":{"line":329,"column":51}},"329":{"start":{"line":330,"column":0},"end":{"line":330,"column":51}},"330":{"start":{"line":331,"column":0},"end":{"line":331,"column":10}},"332":{"start":{"line":333,"column":0},"end":{"line":333,"column":35}},"333":{"start":{"line":334,"column":0},"end":{"line":334,"column":71}},"335":{"start":{"line":336,"column":0},"end":{"line":336,"column":36}},"336":{"start":{"line":337,"column":0},"end":{"line":337,"column":71}},"338":{"start":{"line":339,"column":0},"end":{"line":339,"column":36}},"339":{"start":{"line":340,"column":0},"end":{"line":340,"column":71}},"341":{"start":{"line":342,"column":0},"end":{"line":342,"column":69}},"344":{"start":{"line":345,"column":0},"end":{"line":345,"column":48}},"345":{"start":{"line":346,"column":0},"end":{"line":346,"column":26}},"346":{"start":{"line":347,"column":0},"end":{"line":347,"column":32}},"347":{"start":{"line":348,"column":0},"end":{"line":348,"column":38}},"349":{"start":{"line":350,"column":0},"end":{"line":350,"column":44}},"350":{"start":{"line":351,"column":0},"end":{"line":351,"column":71}},"352":{"start":{"line":353,"column":0},"end":{"line":353,"column":53}},"353":{"start":{"line":354,"column":0},"end":{"line":354,"column":71}},"355":{"start":{"line":356,"column":0},"end":{"line":356,"column":55}},"356":{"start":{"line":357,"column":0},"end":{"line":357,"column":71}},"358":{"start":{"line":359,"column":0},"end":{"line":359,"column":44}},"359":{"start":{"line":360,"column":0},"end":{"line":360,"column":33}},"360":{"start":{"line":361,"column":0},"end":{"line":361,"column":21}},"361":{"start":{"line":362,"column":0},"end":{"line":362,"column":73}},"363":{"start":{"line":364,"column":0},"end":{"line":364,"column":71}},"365":{"start":{"line":366,"column":0},"end":{"line":366,"column":36}},"366":{"start":{"line":367,"column":0},"end":{"line":367,"column":71}},"368":{"start":{"line":369,"column":0},"end":{"line":369,"column":52}},"369":{"start":{"line":370,"column":0},"end":{"line":370,"column":14}},"370":{"start":{"line":371,"column":0},"end":{"line":371,"column":12}},"371":{"start":{"line":372,"column":0},"end":{"line":372,"column":49}},"372":{"start":{"line":373,"column":0},"end":{"line":373,"column":49}},"373":{"start":{"line":374,"column":0},"end":{"line":374,"column":8}},"376":{"start":{"line":377,"column":0},"end":{"line":377,"column":20}},"377":{"start":{"line":378,"column":0},"end":{"line":378,"column":20}},"378":{"start":{"line":379,"column":0},"end":{"line":379,"column":54}},"379":{"start":{"line":380,"column":0},"end":{"line":380,"column":14}},"380":{"start":{"line":381,"column":0},"end":{"line":381,"column":22}},"381":{"start":{"line":382,"column":0},"end":{"line":382,"column":42}},"382":{"start":{"line":383,"column":0},"end":{"line":383,"column":14}},"383":{"start":{"line":384,"column":0},"end":{"line":384,"column":20}},"384":{"start":{"line":385,"column":0},"end":{"line":385,"column":43}},"385":{"start":{"line":386,"column":0},"end":{"line":386,"column":14}},"386":{"start":{"line":387,"column":0},"end":{"line":387,"column":21}},"387":{"start":{"line":388,"column":0},"end":{"line":388,"column":43}},"388":{"start":{"line":389,"column":0},"end":{"line":389,"column":14}},"389":{"start":{"line":390,"column":0},"end":{"line":390,"column":14}},"390":{"start":{"line":391,"column":0},"end":{"line":391,"column":54}},"400":{"start":{"line":401,"column":0},"end":{"line":401,"column":44}},"401":{"start":{"line":402,"column":0},"end":{"line":402,"column":41}},"403":{"start":{"line":404,"column":0},"end":{"line":404,"column":43}},"404":{"start":{"line":405,"column":0},"end":{"line":405,"column":50}},"405":{"start":{"line":406,"column":0},"end":{"line":406,"column":32}},"406":{"start":{"line":407,"column":0},"end":{"line":407,"column":26}},"407":{"start":{"line":408,"column":0},"end":{"line":408,"column":79}},"408":{"start":{"line":409,"column":0},"end":{"line":409,"column":10}},"409":{"start":{"line":410,"column":0},"end":{"line":410,"column":27}},"410":{"start":{"line":411,"column":0},"end":{"line":411,"column":75}},"411":{"start":{"line":412,"column":0},"end":{"line":412,"column":76}},"412":{"start":{"line":413,"column":0},"end":{"line":413,"column":10}},"413":{"start":{"line":414,"column":0},"end":{"line":414,"column":39}},"414":{"start":{"line":415,"column":0},"end":{"line":415,"column":26}},"415":{"start":{"line":416,"column":0},"end":{"line":416,"column":79}},"416":{"start":{"line":417,"column":0},"end":{"line":417,"column":10}},"417":{"start":{"line":418,"column":0},"end":{"line":418,"column":27}},"418":{"start":{"line":419,"column":0},"end":{"line":419,"column":77}},"419":{"start":{"line":420,"column":0},"end":{"line":420,"column":79}},"420":{"start":{"line":421,"column":0},"end":{"line":421,"column":10}},"421":{"start":{"line":422,"column":0},"end":{"line":422,"column":14}},"422":{"start":{"line":423,"column":0},"end":{"line":423,"column":26}},"423":{"start":{"line":424,"column":0},"end":{"line":424,"column":36}},"424":{"start":{"line":425,"column":0},"end":{"line":425,"column":10}},"425":{"start":{"line":426,"column":0},"end":{"line":426,"column":27}},"426":{"start":{"line":427,"column":0},"end":{"line":427,"column":74}},"427":{"start":{"line":428,"column":0},"end":{"line":428,"column":77}},"428":{"start":{"line":429,"column":0},"end":{"line":429,"column":10}},"432":{"start":{"line":433,"column":0},"end":{"line":433,"column":30}},"434":{"start":{"line":435,"column":0},"end":{"line":435,"column":31}},"435":{"start":{"line":436,"column":0},"end":{"line":436,"column":91}},"436":{"start":{"line":437,"column":0},"end":{"line":437,"column":24}},"437":{"start":{"line":438,"column":0},"end":{"line":438,"column":71}},"438":{"start":{"line":439,"column":0},"end":{"line":439,"column":8}},"439":{"start":{"line":440,"column":0},"end":{"line":440,"column":25}},"440":{"start":{"line":441,"column":0},"end":{"line":441,"column":16}},"441":{"start":{"line":442,"column":0},"end":{"line":442,"column":56}},"442":{"start":{"line":443,"column":0},"end":{"line":443,"column":58}},"443":{"start":{"line":444,"column":0},"end":{"line":444,"column":10}},"444":{"start":{"line":445,"column":0},"end":{"line":445,"column":17}},"445":{"start":{"line":446,"column":0},"end":{"line":446,"column":58}},"446":{"start":{"line":447,"column":0},"end":{"line":447,"column":59}},"448":{"start":{"line":449,"column":0},"end":{"line":449,"column":8}},"449":{"start":{"line":450,"column":0},"end":{"line":450,"column":36}},"450":{"start":{"line":451,"column":0},"end":{"line":451,"column":26}},"451":{"start":{"line":452,"column":0},"end":{"line":452,"column":95}},"452":{"start":{"line":453,"column":0},"end":{"line":453,"column":35}},"453":{"start":{"line":454,"column":0},"end":{"line":454,"column":26}},"454":{"start":{"line":455,"column":0},"end":{"line":455,"column":76}},"455":{"start":{"line":456,"column":0},"end":{"line":456,"column":10}},"456":{"start":{"line":457,"column":0},"end":{"line":457,"column":27}},"457":{"start":{"line":458,"column":0},"end":{"line":458,"column":18}},"458":{"start":{"line":459,"column":0},"end":{"line":459,"column":61}},"459":{"start":{"line":460,"column":0},"end":{"line":460,"column":61}},"460":{"start":{"line":461,"column":0},"end":{"line":461,"column":12}},"461":{"start":{"line":462,"column":0},"end":{"line":462,"column":19}},"462":{"start":{"line":463,"column":0},"end":{"line":463,"column":60}},"463":{"start":{"line":464,"column":0},"end":{"line":464,"column":63}},"465":{"start":{"line":466,"column":0},"end":{"line":466,"column":10}},"466":{"start":{"line":467,"column":0},"end":{"line":467,"column":43}},"467":{"start":{"line":468,"column":0},"end":{"line":468,"column":26}},"468":{"start":{"line":469,"column":0},"end":{"line":469,"column":76}},"469":{"start":{"line":470,"column":0},"end":{"line":470,"column":10}},"470":{"start":{"line":471,"column":0},"end":{"line":471,"column":27}},"471":{"start":{"line":472,"column":0},"end":{"line":472,"column":18}},"472":{"start":{"line":473,"column":0},"end":{"line":473,"column":59}},"473":{"start":{"line":474,"column":0},"end":{"line":474,"column":61}},"474":{"start":{"line":475,"column":0},"end":{"line":475,"column":12}},"475":{"start":{"line":476,"column":0},"end":{"line":476,"column":19}},"476":{"start":{"line":477,"column":0},"end":{"line":477,"column":61}},"477":{"start":{"line":478,"column":0},"end":{"line":478,"column":62}},"479":{"start":{"line":480,"column":0},"end":{"line":480,"column":10}},"481":{"start":{"line":482,"column":0},"end":{"line":482,"column":37}},"482":{"start":{"line":483,"column":0},"end":{"line":483,"column":38}},"483":{"start":{"line":484,"column":0},"end":{"line":484,"column":32}},"484":{"start":{"line":485,"column":0},"end":{"line":485,"column":44}},"485":{"start":{"line":486,"column":0},"end":{"line":486,"column":26}},"486":{"start":{"line":487,"column":0},"end":{"line":487,"column":65}},"487":{"start":{"line":488,"column":0},"end":{"line":488,"column":10}},"488":{"start":{"line":489,"column":0},"end":{"line":489,"column":27}},"489":{"start":{"line":490,"column":0},"end":{"line":490,"column":18}},"490":{"start":{"line":491,"column":0},"end":{"line":491,"column":40}},"491":{"start":{"line":492,"column":0},"end":{"line":492,"column":38}},"492":{"start":{"line":493,"column":0},"end":{"line":493,"column":12}},"493":{"start":{"line":494,"column":0},"end":{"line":494,"column":19}},"494":{"start":{"line":495,"column":0},"end":{"line":495,"column":39}},"495":{"start":{"line":496,"column":0},"end":{"line":496,"column":40}},"497":{"start":{"line":498,"column":0},"end":{"line":498,"column":10}},"498":{"start":{"line":499,"column":0},"end":{"line":499,"column":51}},"499":{"start":{"line":500,"column":0},"end":{"line":500,"column":26}},"500":{"start":{"line":501,"column":0},"end":{"line":501,"column":64}},"501":{"start":{"line":502,"column":0},"end":{"line":502,"column":10}},"502":{"start":{"line":503,"column":0},"end":{"line":503,"column":27}},"503":{"start":{"line":504,"column":0},"end":{"line":504,"column":18}},"504":{"start":{"line":505,"column":0},"end":{"line":505,"column":38}},"505":{"start":{"line":506,"column":0},"end":{"line":506,"column":39}},"506":{"start":{"line":507,"column":0},"end":{"line":507,"column":12}},"507":{"start":{"line":508,"column":0},"end":{"line":508,"column":19}},"508":{"start":{"line":509,"column":0},"end":{"line":509,"column":38}},"509":{"start":{"line":510,"column":0},"end":{"line":510,"column":39}},"511":{"start":{"line":512,"column":0},"end":{"line":512,"column":10}},"516":{"start":{"line":517,"column":0},"end":{"line":517,"column":31}},"518":{"start":{"line":519,"column":0},"end":{"line":519,"column":46}},"519":{"start":{"line":520,"column":0},"end":{"line":520,"column":29}},"521":{"start":{"line":522,"column":0},"end":{"line":522,"column":69}},"524":{"start":{"line":525,"column":0},"end":{"line":525,"column":41}},"525":{"start":{"line":526,"column":0},"end":{"line":526,"column":21}},"526":{"start":{"line":527,"column":0},"end":{"line":527,"column":36}},"527":{"start":{"line":528,"column":0},"end":{"line":528,"column":33}},"528":{"start":{"line":529,"column":0},"end":{"line":529,"column":17}},"529":{"start":{"line":530,"column":0},"end":{"line":530,"column":11}},"530":{"start":{"line":531,"column":0},"end":{"line":531,"column":14}},"532":{"start":{"line":533,"column":0},"end":{"line":533,"column":46}},"533":{"start":{"line":534,"column":0},"end":{"line":534,"column":80}},"535":{"start":{"line":536,"column":0},"end":{"line":536,"column":27}},"536":{"start":{"line":537,"column":0},"end":{"line":537,"column":23}},"537":{"start":{"line":538,"column":0},"end":{"line":538,"column":42}},"538":{"start":{"line":539,"column":0},"end":{"line":539,"column":16}},"539":{"start":{"line":540,"column":0},"end":{"line":540,"column":37}},"540":{"start":{"line":541,"column":0},"end":{"line":541,"column":34}},"541":{"start":{"line":542,"column":0},"end":{"line":542,"column":12}},"542":{"start":{"line":543,"column":0},"end":{"line":543,"column":31}},"545":{"start":{"line":546,"column":0},"end":{"line":546,"column":21}},"546":{"start":{"line":547,"column":0},"end":{"line":547,"column":38}},"547":{"start":{"line":548,"column":0},"end":{"line":548,"column":35}},"548":{"start":{"line":549,"column":0},"end":{"line":549,"column":22}},"549":{"start":{"line":550,"column":0},"end":{"line":550,"column":11}},"551":{"start":{"line":552,"column":0},"end":{"line":552,"column":21}},"552":{"start":{"line":553,"column":0},"end":{"line":553,"column":39}},"553":{"start":{"line":554,"column":0},"end":{"line":554,"column":36}},"554":{"start":{"line":555,"column":0},"end":{"line":555,"column":22}},"555":{"start":{"line":556,"column":0},"end":{"line":556,"column":11}},"557":{"start":{"line":558,"column":0},"end":{"line":558,"column":7}},"559":{"start":{"line":560,"column":0},"end":{"line":560,"column":18}},"561":{"start":{"line":562,"column":0},"end":{"line":562,"column":2}},"565":{"start":{"line":566,"column":0},"end":{"line":566,"column":55}},"566":{"start":{"line":567,"column":0},"end":{"line":567,"column":13}},"567":{"start":{"line":568,"column":0},"end":{"line":568,"column":32}},"568":{"start":{"line":569,"column":0},"end":{"line":569,"column":30}},"569":{"start":{"line":570,"column":0},"end":{"line":570,"column":65}},"571":{"start":{"line":572,"column":0},"end":{"line":572,"column":31}},"573":{"start":{"line":574,"column":0},"end":{"line":574,"column":20}},"574":{"start":{"line":575,"column":0},"end":{"line":575,"column":20}},"576":{"start":{"line":577,"column":0},"end":{"line":577,"column":24}},"577":{"start":{"line":578,"column":0},"end":{"line":578,"column":18}},"578":{"start":{"line":579,"column":0},"end":{"line":579,"column":37}},"579":{"start":{"line":580,"column":0},"end":{"line":580,"column":38}},"580":{"start":{"line":581,"column":0},"end":{"line":581,"column":38}},"581":{"start":{"line":582,"column":0},"end":{"line":582,"column":10}},"582":{"start":{"line":583,"column":0},"end":{"line":583,"column":14}},"583":{"start":{"line":584,"column":0},"end":{"line":584,"column":22}},"585":{"start":{"line":586,"column":0},"end":{"line":586,"column":24}},"586":{"start":{"line":587,"column":0},"end":{"line":587,"column":18}},"587":{"start":{"line":588,"column":0},"end":{"line":588,"column":37}},"588":{"start":{"line":589,"column":0},"end":{"line":589,"column":38}},"589":{"start":{"line":590,"column":0},"end":{"line":590,"column":38}},"590":{"start":{"line":591,"column":0},"end":{"line":591,"column":10}},"591":{"start":{"line":592,"column":0},"end":{"line":592,"column":14}},"592":{"start":{"line":593,"column":0},"end":{"line":593,"column":20}},"594":{"start":{"line":595,"column":0},"end":{"line":595,"column":43}},"595":{"start":{"line":596,"column":0},"end":{"line":596,"column":26}},"596":{"start":{"line":597,"column":0},"end":{"line":597,"column":20}},"597":{"start":{"line":598,"column":0},"end":{"line":598,"column":39}},"598":{"start":{"line":599,"column":0},"end":{"line":599,"column":40}},"599":{"start":{"line":600,"column":0},"end":{"line":600,"column":40}},"600":{"start":{"line":601,"column":0},"end":{"line":601,"column":12}},"601":{"start":{"line":602,"column":0},"end":{"line":602,"column":16}},"602":{"start":{"line":603,"column":0},"end":{"line":603,"column":26}},"603":{"start":{"line":604,"column":0},"end":{"line":604,"column":20}},"604":{"start":{"line":605,"column":0},"end":{"line":605,"column":39}},"605":{"start":{"line":606,"column":0},"end":{"line":606,"column":40}},"606":{"start":{"line":607,"column":0},"end":{"line":607,"column":40}},"607":{"start":{"line":608,"column":0},"end":{"line":608,"column":12}},"609":{"start":{"line":610,"column":0},"end":{"line":610,"column":14}},"610":{"start":{"line":611,"column":0},"end":{"line":611,"column":21}},"612":{"start":{"line":613,"column":0},"end":{"line":613,"column":26}},"613":{"start":{"line":614,"column":0},"end":{"line":614,"column":24}},"614":{"start":{"line":615,"column":0},"end":{"line":615,"column":18}},"615":{"start":{"line":616,"column":0},"end":{"line":616,"column":41}},"616":{"start":{"line":617,"column":0},"end":{"line":617,"column":38}},"617":{"start":{"line":618,"column":0},"end":{"line":618,"column":47}},"618":{"start":{"line":619,"column":0},"end":{"line":619,"column":10}},"619":{"start":{"line":620,"column":0},"end":{"line":620,"column":14}},"620":{"start":{"line":621,"column":0},"end":{"line":621,"column":14}},"621":{"start":{"line":622,"column":0},"end":{"line":622,"column":24}},"622":{"start":{"line":623,"column":0},"end":{"line":623,"column":18}},"623":{"start":{"line":624,"column":0},"end":{"line":624,"column":37}},"624":{"start":{"line":625,"column":0},"end":{"line":625,"column":38}},"625":{"start":{"line":626,"column":0},"end":{"line":626,"column":38}},"626":{"start":{"line":627,"column":0},"end":{"line":627,"column":10}},"630":{"start":{"line":631,"column":0},"end":{"line":631,"column":31}},"633":{"start":{"line":634,"column":0},"end":{"line":634,"column":65}},"636":{"start":{"line":637,"column":0},"end":{"line":637,"column":54}},"637":{"start":{"line":638,"column":0},"end":{"line":638,"column":25}},"638":{"start":{"line":639,"column":0},"end":{"line":639,"column":21}},"639":{"start":{"line":640,"column":0},"end":{"line":640,"column":72}},"640":{"start":{"line":641,"column":0},"end":{"line":641,"column":29}},"644":{"start":{"line":645,"column":0},"end":{"line":645,"column":26}},"645":{"start":{"line":646,"column":0},"end":{"line":646,"column":49}},"646":{"start":{"line":647,"column":0},"end":{"line":647,"column":40}},"647":{"start":{"line":648,"column":0},"end":{"line":648,"column":8}},"649":{"start":{"line":650,"column":0},"end":{"line":650,"column":42}},"650":{"start":{"line":651,"column":0},"end":{"line":651,"column":19}},"651":{"start":{"line":652,"column":0},"end":{"line":652,"column":39}},"652":{"start":{"line":653,"column":0},"end":{"line":653,"column":36}},"653":{"start":{"line":654,"column":0},"end":{"line":654,"column":19}},"654":{"start":{"line":655,"column":0},"end":{"line":655,"column":9}},"655":{"start":{"line":656,"column":0},"end":{"line":656,"column":7}},"658":{"start":{"line":659,"column":0},"end":{"line":659,"column":38}},"659":{"start":{"line":660,"column":0},"end":{"line":660,"column":35}},"660":{"start":{"line":661,"column":0},"end":{"line":661,"column":19}},"661":{"start":{"line":662,"column":0},"end":{"line":662,"column":88}},"662":{"start":{"line":663,"column":0},"end":{"line":663,"column":33}},"664":{"start":{"line":665,"column":0},"end":{"line":665,"column":84}},"667":{"start":{"line":668,"column":0},"end":{"line":668,"column":78}},"670":{"start":{"line":671,"column":0},"end":{"line":671,"column":78}},"672":{"start":{"line":673,"column":0},"end":{"line":673,"column":18}},"674":{"start":{"line":675,"column":0},"end":{"line":675,"column":2}},"678":{"start":{"line":679,"column":0},"end":{"line":679,"column":65}},"679":{"start":{"line":680,"column":0},"end":{"line":680,"column":24}},"680":{"start":{"line":681,"column":0},"end":{"line":681,"column":32}},"681":{"start":{"line":682,"column":0},"end":{"line":682,"column":30}},"682":{"start":{"line":683,"column":0},"end":{"line":683,"column":65}},"684":{"start":{"line":685,"column":0},"end":{"line":685,"column":28}},"686":{"start":{"line":687,"column":0},"end":{"line":687,"column":20}},"687":{"start":{"line":688,"column":0},"end":{"line":688,"column":20}},"689":{"start":{"line":690,"column":0},"end":{"line":690,"column":55}},"690":{"start":{"line":691,"column":0},"end":{"line":691,"column":21}},"691":{"start":{"line":692,"column":0},"end":{"line":692,"column":18}},"692":{"start":{"line":693,"column":0},"end":{"line":693,"column":40}},"693":{"start":{"line":694,"column":0},"end":{"line":694,"column":40}},"694":{"start":{"line":695,"column":0},"end":{"line":695,"column":10}},"695":{"start":{"line":696,"column":0},"end":{"line":696,"column":14}},"696":{"start":{"line":697,"column":0},"end":{"line":697,"column":22}},"698":{"start":{"line":699,"column":0},"end":{"line":699,"column":43}},"699":{"start":{"line":700,"column":0},"end":{"line":700,"column":23}},"700":{"start":{"line":701,"column":0},"end":{"line":701,"column":20}},"701":{"start":{"line":702,"column":0},"end":{"line":702,"column":40}},"702":{"start":{"line":703,"column":0},"end":{"line":703,"column":40}},"703":{"start":{"line":704,"column":0},"end":{"line":704,"column":12}},"704":{"start":{"line":705,"column":0},"end":{"line":705,"column":51}},"705":{"start":{"line":706,"column":0},"end":{"line":706,"column":23}},"706":{"start":{"line":707,"column":0},"end":{"line":707,"column":20}},"707":{"start":{"line":708,"column":0},"end":{"line":708,"column":40}},"708":{"start":{"line":709,"column":0},"end":{"line":709,"column":40}},"709":{"start":{"line":710,"column":0},"end":{"line":710,"column":12}},"710":{"start":{"line":711,"column":0},"end":{"line":711,"column":16}},"711":{"start":{"line":712,"column":0},"end":{"line":712,"column":23}},"712":{"start":{"line":713,"column":0},"end":{"line":713,"column":20}},"713":{"start":{"line":714,"column":0},"end":{"line":714,"column":40}},"714":{"start":{"line":715,"column":0},"end":{"line":715,"column":40}},"715":{"start":{"line":716,"column":0},"end":{"line":716,"column":12}},"717":{"start":{"line":718,"column":0},"end":{"line":718,"column":14}},"718":{"start":{"line":719,"column":0},"end":{"line":719,"column":20}},"720":{"start":{"line":721,"column":0},"end":{"line":721,"column":45}},"721":{"start":{"line":722,"column":0},"end":{"line":722,"column":23}},"722":{"start":{"line":723,"column":0},"end":{"line":723,"column":20}},"723":{"start":{"line":724,"column":0},"end":{"line":724,"column":40}},"724":{"start":{"line":725,"column":0},"end":{"line":725,"column":40}},"725":{"start":{"line":726,"column":0},"end":{"line":726,"column":12}},"726":{"start":{"line":727,"column":0},"end":{"line":727,"column":51}},"727":{"start":{"line":728,"column":0},"end":{"line":728,"column":55}},"728":{"start":{"line":729,"column":0},"end":{"line":729,"column":23}},"729":{"start":{"line":730,"column":0},"end":{"line":730,"column":20}},"730":{"start":{"line":731,"column":0},"end":{"line":731,"column":57}},"731":{"start":{"line":732,"column":0},"end":{"line":732,"column":57}},"732":{"start":{"line":733,"column":0},"end":{"line":733,"column":12}},"733":{"start":{"line":734,"column":0},"end":{"line":734,"column":16}},"734":{"start":{"line":735,"column":0},"end":{"line":735,"column":23}},"735":{"start":{"line":736,"column":0},"end":{"line":736,"column":20}},"736":{"start":{"line":737,"column":0},"end":{"line":737,"column":40}},"737":{"start":{"line":738,"column":0},"end":{"line":738,"column":40}},"738":{"start":{"line":739,"column":0},"end":{"line":739,"column":12}},"740":{"start":{"line":741,"column":0},"end":{"line":741,"column":14}},"741":{"start":{"line":742,"column":0},"end":{"line":742,"column":21}},"743":{"start":{"line":744,"column":0},"end":{"line":744,"column":56}},"744":{"start":{"line":745,"column":0},"end":{"line":745,"column":21}},"745":{"start":{"line":746,"column":0},"end":{"line":746,"column":18}},"746":{"start":{"line":747,"column":0},"end":{"line":747,"column":55}},"747":{"start":{"line":748,"column":0},"end":{"line":748,"column":55}},"748":{"start":{"line":749,"column":0},"end":{"line":749,"column":10}},"749":{"start":{"line":750,"column":0},"end":{"line":750,"column":14}},"750":{"start":{"line":751,"column":0},"end":{"line":751,"column":14}},"751":{"start":{"line":752,"column":0},"end":{"line":752,"column":49}},"752":{"start":{"line":753,"column":0},"end":{"line":753,"column":21}},"753":{"start":{"line":754,"column":0},"end":{"line":754,"column":18}},"754":{"start":{"line":755,"column":0},"end":{"line":755,"column":34}},"755":{"start":{"line":756,"column":0},"end":{"line":756,"column":34}},"756":{"start":{"line":757,"column":0},"end":{"line":757,"column":10}},"760":{"start":{"line":761,"column":0},"end":{"line":761,"column":31}},"763":{"start":{"line":764,"column":0},"end":{"line":764,"column":65}},"766":{"start":{"line":767,"column":0},"end":{"line":767,"column":79}},"769":{"start":{"line":770,"column":0},"end":{"line":770,"column":79}},"772":{"start":{"line":773,"column":0},"end":{"line":773,"column":48}},"773":{"start":{"line":774,"column":0},"end":{"line":774,"column":25}},"774":{"start":{"line":775,"column":0},"end":{"line":775,"column":21}},"775":{"start":{"line":776,"column":0},"end":{"line":776,"column":72}},"776":{"start":{"line":777,"column":0},"end":{"line":777,"column":29}},"780":{"start":{"line":781,"column":0},"end":{"line":781,"column":26}},"781":{"start":{"line":782,"column":0},"end":{"line":782,"column":55}},"782":{"start":{"line":783,"column":0},"end":{"line":783,"column":71}},"783":{"start":{"line":784,"column":0},"end":{"line":784,"column":8}},"785":{"start":{"line":786,"column":0},"end":{"line":786,"column":42}},"786":{"start":{"line":787,"column":0},"end":{"line":787,"column":19}},"787":{"start":{"line":788,"column":0},"end":{"line":788,"column":39}},"788":{"start":{"line":789,"column":0},"end":{"line":789,"column":36}},"789":{"start":{"line":790,"column":0},"end":{"line":790,"column":19}},"790":{"start":{"line":791,"column":0},"end":{"line":791,"column":9}},"791":{"start":{"line":792,"column":0},"end":{"line":792,"column":7}},"794":{"start":{"line":795,"column":0},"end":{"line":795,"column":32}},"795":{"start":{"line":796,"column":0},"end":{"line":796,"column":79}},"796":{"start":{"line":797,"column":0},"end":{"line":797,"column":19}},"797":{"start":{"line":798,"column":0},"end":{"line":798,"column":78}},"799":{"start":{"line":800,"column":0},"end":{"line":800,"column":18}},"801":{"start":{"line":802,"column":0},"end":{"line":802,"column":2}},"805":{"start":{"line":806,"column":0},"end":{"line":806,"column":36}},"810":{"start":{"line":811,"column":0},"end":{"line":811,"column":18}},"811":{"start":{"line":812,"column":0},"end":{"line":812,"column":21}},"812":{"start":{"line":813,"column":0},"end":{"line":813,"column":29}},"813":{"start":{"line":814,"column":0},"end":{"line":814,"column":29}},"814":{"start":{"line":815,"column":0},"end":{"line":815,"column":21}},"815":{"start":{"line":816,"column":0},"end":{"line":816,"column":39}},"816":{"start":{"line":817,"column":0},"end":{"line":817,"column":44}},"818":{"start":{"line":819,"column":0},"end":{"line":819,"column":32}},"820":{"start":{"line":821,"column":0},"end":{"line":821,"column":26}},"821":{"start":{"line":822,"column":0},"end":{"line":822,"column":23}},"822":{"start":{"line":823,"column":0},"end":{"line":823,"column":60}},"823":{"start":{"line":824,"column":0},"end":{"line":824,"column":14}},"824":{"start":{"line":825,"column":0},"end":{"line":825,"column":27}},"825":{"start":{"line":826,"column":0},"end":{"line":826,"column":64}},"826":{"start":{"line":827,"column":0},"end":{"line":827,"column":14}},"827":{"start":{"line":828,"column":0},"end":{"line":828,"column":21}},"828":{"start":{"line":829,"column":0},"end":{"line":829,"column":58}},"829":{"start":{"line":830,"column":0},"end":{"line":830,"column":14}},"830":{"start":{"line":831,"column":0},"end":{"line":831,"column":22}},"831":{"start":{"line":832,"column":0},"end":{"line":832,"column":59}},"832":{"start":{"line":833,"column":0},"end":{"line":833,"column":14}},"833":{"start":{"line":834,"column":0},"end":{"line":834,"column":33}},"834":{"start":{"line":835,"column":0},"end":{"line":835,"column":69}},"835":{"start":{"line":836,"column":0},"end":{"line":836,"column":14}},"836":{"start":{"line":837,"column":0},"end":{"line":837,"column":14}},"837":{"start":{"line":838,"column":0},"end":{"line":838,"column":64}},"840":{"start":{"line":841,"column":0},"end":{"line":841,"column":46}},"846":{"start":{"line":847,"column":0},"end":{"line":847,"column":21}},"847":{"start":{"line":848,"column":0},"end":{"line":848,"column":21}},"848":{"start":{"line":849,"column":0},"end":{"line":849,"column":29}},"849":{"start":{"line":850,"column":0},"end":{"line":850,"column":42}},"850":{"start":{"line":851,"column":0},"end":{"line":851,"column":12}},"851":{"start":{"line":852,"column":0},"end":{"line":852,"column":90}},"852":{"start":{"line":853,"column":0},"end":{"line":853,"column":98}},"853":{"start":{"line":854,"column":0},"end":{"line":854,"column":86}},"854":{"start":{"line":855,"column":0},"end":{"line":855,"column":88}},"855":{"start":{"line":856,"column":0},"end":{"line":856,"column":111}},"856":{"start":{"line":857,"column":0},"end":{"line":857,"column":6}},"863":{"start":{"line":864,"column":0},"end":{"line":864,"column":27}},"864":{"start":{"line":865,"column":0},"end":{"line":865,"column":31}},"865":{"start":{"line":866,"column":0},"end":{"line":866,"column":39}},"866":{"start":{"line":867,"column":0},"end":{"line":867,"column":27}},"867":{"start":{"line":868,"column":0},"end":{"line":868,"column":29}},"868":{"start":{"line":869,"column":0},"end":{"line":869,"column":49}},"869":{"start":{"line":870,"column":0},"end":{"line":870,"column":2}}},"s":{"7":1,"8":1,"9":1,"32":1,"33":1,"34":36,"35":36,"36":36,"39":36,"40":36,"41":36,"43":27,"44":27,"45":36,"47":3,"48":0,"49":3,"50":3,"51":3,"52":3,"53":3,"54":3,"55":3,"56":3,"57":3,"58":3,"60":3,"61":36,"63":3,"64":0,"65":3,"66":3,"67":3,"68":3,"69":3,"70":3,"71":3,"72":3,"73":3,"74":3,"75":3,"77":3,"78":36,"80":3,"81":0,"82":3,"83":0,"84":0,"85":3,"86":3,"88":3,"89":36,"90":0,"94":36,"95":36,"96":36,"100":36,"102":36,"105":36,"108":36,"111":36,"114":36,"117":36,"118":36,"120":36,"124":1,"125":1,"126":41,"127":41,"128":41,"130":41,"132":41,"133":41,"135":29,"136":29,"137":29,"138":29,"139":29,"140":29,"141":29,"142":29,"143":29,"144":41,"146":4,"148":0,"149":0,"150":0,"151":0,"152":0,"153":0,"154":0,"155":0,"156":4,"158":4,"159":4,"160":4,"161":4,"162":4,"163":4,"164":4,"165":4,"166":4,"168":4,"169":4,"170":4,"171":4,"172":4,"173":4,"174":4,"175":4,"177":4,"178":41,"180":4,"182":0,"183":0,"184":0,"185":0,"186":0,"187":0,"188":0,"189":0,"190":4,"192":0,"193":0,"194":0,"195":0,"196":0,"197":0,"198":0,"199":0,"200":0,"202":4,"203":4,"204":4,"205":4,"206":4,"207":4,"208":4,"209":4,"211":4,"212":41,"214":4,"216":0,"217":0,"218":0,"219":0,"220":0,"221":0,"222":0,"223":0,"224":0,"226":4,"227":4,"228":4,"229":4,"230":4,"231":4,"232":4,"233":4,"235":4,"236":41,"237":0,"238":0,"239":0,"240":0,"241":0,"242":0,"243":0,"244":0,"248":41,"249":41,"250":41,"251":41,"252":41,"253":41,"254":41,"255":41,"258":41,"259":246,"260":246,"263":246,"264":246,"265":246,"266":246,"268":246,"269":246,"270":246,"271":246,"272":246,"275":246,"276":246,"278":41,"282":1,"283":1,"284":33,"285":33,"286":33,"289":33,"291":33,"292":25,"293":25,"294":25,"295":25,"297":33,"298":33,"299":33,"300":33,"302":33,"303":0,"305":33,"306":0,"308":33,"309":0,"311":33,"312":33,"314":33,"317":33,"318":33,"319":33,"320":33,"321":33,"322":33,"324":33,"325":33,"326":33,"327":33,"328":33,"329":33,"330":33,"332":33,"333":0,"335":33,"336":0,"338":33,"339":33,"341":33,"344":33,"345":33,"346":33,"347":33,"349":33,"350":33,"352":33,"353":33,"355":33,"356":33,"358":33,"359":33,"360":33,"361":33,"363":33,"365":33,"366":33,"368":33,"369":33,"370":33,"371":33,"372":33,"373":33,"376":33,"377":33,"378":25,"379":25,"380":33,"381":3,"382":3,"383":33,"384":3,"385":3,"386":33,"387":2,"388":2,"389":33,"390":0,"400":33,"401":33,"403":33,"404":33,"405":33,"406":1,"407":1,"408":1,"409":1,"410":1,"411":1,"412":1,"413":33,"414":1,"415":1,"416":1,"417":1,"418":1,"419":1,"420":1,"421":1,"422":33,"423":33,"424":33,"425":33,"426":33,"427":33,"428":33,"432":33,"434":33,"435":3,"436":3,"437":3,"438":3,"439":3,"440":3,"441":3,"442":3,"443":3,"444":3,"445":3,"446":3,"448":3,"449":33,"450":3,"451":3,"452":3,"453":0,"454":0,"455":0,"456":0,"457":0,"458":0,"459":0,"460":0,"461":0,"462":0,"463":0,"465":0,"466":3,"467":3,"468":3,"469":3,"470":3,"471":3,"472":3,"473":3,"474":3,"475":3,"476":3,"477":3,"479":3,"481":33,"482":33,"483":33,"484":33,"485":0,"486":0,"487":0,"488":0,"489":0,"490":0,"491":0,"492":0,"493":0,"494":0,"495":0,"497":0,"498":33,"499":33,"500":33,"501":33,"502":33,"503":33,"504":33,"505":33,"506":33,"507":33,"508":33,"509":33,"511":33,"516":33,"518":33,"519":99,"521":33,"524":33,"525":33,"526":33,"527":33,"528":33,"529":33,"530":33,"532":99,"533":99,"535":99,"536":99,"537":99,"538":99,"539":99,"540":99,"541":99,"542":99,"545":99,"546":99,"547":99,"548":99,"549":99,"551":99,"552":99,"553":99,"554":99,"555":99,"557":99,"559":33,"561":33,"565":1,"566":1,"567":31,"568":31,"569":31,"571":31,"573":31,"574":31,"576":25,"577":25,"578":25,"579":25,"580":25,"581":25,"582":25,"583":31,"585":2,"586":2,"587":2,"588":2,"589":2,"590":2,"591":2,"592":31,"594":2,"595":2,"596":2,"597":2,"598":2,"599":2,"600":2,"601":2,"602":2,"603":2,"604":2,"605":2,"606":2,"607":2,"609":2,"610":31,"612":2,"613":2,"614":2,"615":2,"616":2,"617":2,"618":2,"619":2,"620":31,"621":0,"622":0,"623":0,"624":0,"625":0,"626":0,"630":31,"633":31,"636":31,"637":62,"638":62,"639":62,"640":62,"644":62,"645":62,"646":62,"647":62,"649":62,"650":62,"651":62,"652":62,"653":62,"654":62,"655":62,"658":31,"659":31,"660":31,"661":31,"662":31,"664":31,"667":31,"670":31,"672":31,"674":31,"678":1,"679":1,"680":31,"681":31,"682":31,"684":31,"686":31,"687":31,"689":25,"690":25,"691":25,"692":25,"693":25,"694":25,"695":25,"696":31,"698":2,"699":2,"700":2,"701":2,"702":2,"703":2,"704":2,"705":2,"706":2,"707":2,"708":2,"709":2,"710":2,"711":2,"712":2,"713":2,"714":2,"715":2,"717":2,"718":31,"720":2,"721":0,"722":0,"723":0,"724":0,"725":0,"726":2,"727":2,"728":2,"729":2,"730":2,"731":2,"732":2,"733":2,"734":2,"735":2,"736":2,"737":2,"738":2,"740":2,"741":31,"743":2,"744":2,"745":2,"746":2,"747":2,"748":2,"749":2,"750":31,"751":0,"752":0,"753":0,"754":0,"755":0,"756":0,"760":31,"763":31,"766":31,"769":31,"772":31,"773":62,"774":62,"775":62,"776":62,"780":62,"781":62,"782":62,"783":62,"785":62,"786":62,"787":62,"788":62,"789":62,"790":62,"791":62,"794":31,"795":6,"796":25,"797":31,"799":31,"801":31,"805":1,"810":1,"811":1,"812":1,"813":1,"814":1,"815":1,"816":1,"818":1,"820":1,"821":1,"822":32,"823":32,"824":1,"825":28,"826":28,"827":1,"828":26,"829":26,"830":1,"831":26,"832":26,"833":1,"834":26,"835":26,"836":1,"837":1,"840":1,"846":1,"847":1,"848":1,"849":1,"850":1,"851":1,"852":1,"853":1,"854":1,"855":1,"856":1,"863":1,"864":1,"865":1,"866":1,"867":1,"868":1,"869":1},"branchMap":{"0":{"type":"branch","line":34,"loc":{"start":{"line":34,"column":2},"end":{"line":121,"column":2}},"locations":[{"start":{"line":34,"column":2},"end":{"line":121,"column":2}}]},"1":{"type":"branch","line":42,"loc":{"start":{"line":42,"column":6},"end":{"line":45,"column":14}},"locations":[{"start":{"line":42,"column":6},"end":{"line":45,"column":14}}]},"2":{"type":"branch","line":46,"loc":{"start":{"line":46,"column":6},"end":{"line":61,"column":14}},"locations":[{"start":{"line":46,"column":6},"end":{"line":61,"column":14}}]},"3":{"type":"branch","line":48,"loc":{"start":{"line":48,"column":42},"end":{"line":50,"column":30}},"locations":[{"start":{"line":48,"column":42},"end":{"line":50,"column":30}}]},"4":{"type":"branch","line":62,"loc":{"start":{"line":62,"column":6},"end":{"line":78,"column":14}},"locations":[{"start":{"line":62,"column":6},"end":{"line":78,"column":14}}]},"5":{"type":"branch","line":64,"loc":{"start":{"line":64,"column":44},"end":{"line":66,"column":30}},"locations":[{"start":{"line":64,"column":44},"end":{"line":66,"column":30}}]},"6":{"type":"branch","line":79,"loc":{"start":{"line":79,"column":6},"end":{"line":89,"column":14}},"locations":[{"start":{"line":79,"column":6},"end":{"line":89,"column":14}}]},"7":{"type":"branch","line":81,"loc":{"start":{"line":81,"column":28},"end":{"line":81,"column":53}},"locations":[{"start":{"line":81,"column":28},"end":{"line":81,"column":53}}]},"8":{"type":"branch","line":81,"loc":{"start":{"line":81,"column":53},"end":{"line":83,"column":30}},"locations":[{"start":{"line":81,"column":53},"end":{"line":83,"column":30}}]},"9":{"type":"branch","line":83,"loc":{"start":{"line":83,"column":73},"end":{"line":85,"column":16}},"locations":[{"start":{"line":83,"column":73},"end":{"line":85,"column":16}}]},"10":{"type":"branch","line":90,"loc":{"start":{"line":90,"column":6},"end":{"line":91,"column":52}},"locations":[{"start":{"line":90,"column":6},"end":{"line":91,"column":52}}]},"11":{"type":"branch","line":126,"loc":{"start":{"line":126,"column":2},"end":{"line":279,"column":2}},"locations":[{"start":{"line":126,"column":2},"end":{"line":279,"column":2}}]},"12":{"type":"branch","line":134,"loc":{"start":{"line":134,"column":6},"end":{"line":144,"column":14}},"locations":[{"start":{"line":134,"column":6},"end":{"line":144,"column":14}}]},"13":{"type":"branch","line":145,"loc":{"start":{"line":145,"column":6},"end":{"line":178,"column":14}},"locations":[{"start":{"line":145,"column":6},"end":{"line":178,"column":14}}]},"14":{"type":"branch","line":147,"loc":{"start":{"line":147,"column":42},"end":{"line":157,"column":30}},"locations":[{"start":{"line":147,"column":42},"end":{"line":157,"column":30}}]},"15":{"type":"branch","line":179,"loc":{"start":{"line":179,"column":6},"end":{"line":212,"column":14}},"locations":[{"start":{"line":179,"column":6},"end":{"line":212,"column":14}}]},"16":{"type":"branch","line":181,"loc":{"start":{"line":181,"column":44},"end":{"line":191,"column":30}},"locations":[{"start":{"line":181,"column":44},"end":{"line":191,"column":30}}]},"17":{"type":"branch","line":191,"loc":{"start":{"line":191,"column":30},"end":{"line":191,"column":52}},"locations":[{"start":{"line":191,"column":30},"end":{"line":191,"column":52}}]},"18":{"type":"branch","line":191,"loc":{"start":{"line":191,"column":52},"end":{"line":201,"column":16}},"locations":[{"start":{"line":191,"column":52},"end":{"line":201,"column":16}}]},"19":{"type":"branch","line":213,"loc":{"start":{"line":213,"column":6},"end":{"line":236,"column":14}},"locations":[{"start":{"line":213,"column":6},"end":{"line":236,"column":14}}]},"20":{"type":"branch","line":215,"loc":{"start":{"line":215,"column":28},"end":{"line":215,"column":52}},"locations":[{"start":{"line":215,"column":28},"end":{"line":215,"column":52}}]},"21":{"type":"branch","line":215,"loc":{"start":{"line":215,"column":46},"end":{"line":215,"column":66}},"locations":[{"start":{"line":215,"column":46},"end":{"line":215,"column":66}}]},"22":{"type":"branch","line":215,"loc":{"start":{"line":215,"column":66},"end":{"line":225,"column":16}},"locations":[{"start":{"line":215,"column":66},"end":{"line":225,"column":16}}]},"23":{"type":"branch","line":237,"loc":{"start":{"line":237,"column":6},"end":{"line":245,"column":10}},"locations":[{"start":{"line":237,"column":6},"end":{"line":245,"column":10}}]},"24":{"type":"branch","line":259,"loc":{"start":{"line":259,"column":25},"end":{"line":277,"column":7}},"locations":[{"start":{"line":259,"column":25},"end":{"line":277,"column":7}}]},"25":{"type":"branch","line":284,"loc":{"start":{"line":284,"column":2},"end":{"line":562,"column":2}},"locations":[{"start":{"line":284,"column":2},"end":{"line":562,"column":2}}]},"26":{"type":"branch","line":378,"loc":{"start":{"line":378,"column":6},"end":{"line":380,"column":14}},"locations":[{"start":{"line":378,"column":6},"end":{"line":380,"column":14}}]},"27":{"type":"branch","line":381,"loc":{"start":{"line":381,"column":6},"end":{"line":383,"column":14}},"locations":[{"start":{"line":381,"column":6},"end":{"line":383,"column":14}}]},"28":{"type":"branch","line":384,"loc":{"start":{"line":384,"column":6},"end":{"line":386,"column":14}},"locations":[{"start":{"line":384,"column":6},"end":{"line":386,"column":14}}]},"29":{"type":"branch","line":387,"loc":{"start":{"line":387,"column":6},"end":{"line":389,"column":14}},"locations":[{"start":{"line":387,"column":6},"end":{"line":389,"column":14}}]},"30":{"type":"branch","line":390,"loc":{"start":{"line":390,"column":6},"end":{"line":391,"column":54}},"locations":[{"start":{"line":390,"column":6},"end":{"line":391,"column":54}}]},"31":{"type":"branch","line":435,"loc":{"start":{"line":435,"column":30},"end":{"line":450,"column":25}},"locations":[{"start":{"line":435,"column":30},"end":{"line":450,"column":25}}]},"32":{"type":"branch","line":436,"loc":{"start":{"line":436,"column":48},"end":{"line":436,"column":60}},"locations":[{"start":{"line":436,"column":48},"end":{"line":436,"column":60}}]},"33":{"type":"branch","line":436,"loc":{"start":{"line":436,"column":76},"end":{"line":436,"column":89}},"locations":[{"start":{"line":436,"column":76},"end":{"line":436,"column":89}}]},"34":{"type":"branch","line":450,"loc":{"start":{"line":450,"column":35},"end":{"line":482,"column":25}},"locations":[{"start":{"line":450,"column":35},"end":{"line":482,"column":25}}]},"35":{"type":"branch","line":452,"loc":{"start":{"line":452,"column":50},"end":{"line":452,"column":63}},"locations":[{"start":{"line":452,"column":50},"end":{"line":452,"column":63}}]},"36":{"type":"branch","line":452,"loc":{"start":{"line":452,"column":79},"end":{"line":452,"column":93}},"locations":[{"start":{"line":452,"column":79},"end":{"line":452,"column":93}}]},"37":{"type":"branch","line":453,"loc":{"start":{"line":453,"column":34},"end":{"line":467,"column":24}},"locations":[{"start":{"line":453,"column":34},"end":{"line":467,"column":24}}]},"38":{"type":"branch","line":467,"loc":{"start":{"line":467,"column":24},"end":{"line":467,"column":42}},"locations":[{"start":{"line":467,"column":24},"end":{"line":467,"column":42}}]},"39":{"type":"branch","line":485,"loc":{"start":{"line":485,"column":22},"end":{"line":485,"column":43}},"locations":[{"start":{"line":485,"column":22},"end":{"line":485,"column":43}}]},"40":{"type":"branch","line":485,"loc":{"start":{"line":485,"column":43},"end":{"line":499,"column":26}},"locations":[{"start":{"line":485,"column":43},"end":{"line":499,"column":26}}]},"41":{"type":"branch","line":499,"loc":{"start":{"line":499,"column":26},"end":{"line":499,"column":50}},"locations":[{"start":{"line":499,"column":26},"end":{"line":499,"column":50}}]},"42":{"type":"branch","line":292,"loc":{"start":{"line":292,"column":10},"end":{"line":296,"column":6}},"locations":[{"start":{"line":292,"column":10},"end":{"line":296,"column":6}}]},"43":{"type":"branch","line":303,"loc":{"start":{"line":303,"column":34},"end":{"line":306,"column":35}},"locations":[{"start":{"line":303,"column":34},"end":{"line":306,"column":35}}]},"44":{"type":"branch","line":306,"loc":{"start":{"line":306,"column":35},"end":{"line":309,"column":35}},"locations":[{"start":{"line":306,"column":35},"end":{"line":309,"column":35}}]},"45":{"type":"branch","line":309,"loc":{"start":{"line":309,"column":35},"end":{"line":312,"column":35}},"locations":[{"start":{"line":309,"column":35},"end":{"line":312,"column":35}}]},"46":{"type":"branch","line":333,"loc":{"start":{"line":333,"column":34},"end":{"line":336,"column":35}},"locations":[{"start":{"line":333,"column":34},"end":{"line":336,"column":35}}]},"47":{"type":"branch","line":336,"loc":{"start":{"line":336,"column":35},"end":{"line":339,"column":35}},"locations":[{"start":{"line":336,"column":35},"end":{"line":339,"column":35}}]},"48":{"type":"branch","line":350,"loc":{"start":{"line":350,"column":22},"end":{"line":350,"column":43}},"locations":[{"start":{"line":350,"column":22},"end":{"line":350,"column":43}}]},"49":{"type":"branch","line":356,"loc":{"start":{"line":356,"column":17},"end":{"line":356,"column":37}},"locations":[{"start":{"line":356,"column":17},"end":{"line":356,"column":37}}]},"50":{"type":"branch","line":356,"loc":{"start":{"line":356,"column":30},"end":{"line":356,"column":54}},"locations":[{"start":{"line":356,"column":30},"end":{"line":356,"column":54}}]},"51":{"type":"branch","line":359,"loc":{"start":{"line":359,"column":19},"end":{"line":359,"column":43}},"locations":[{"start":{"line":359,"column":19},"end":{"line":359,"column":43}}]},"52":{"type":"branch","line":366,"loc":{"start":{"line":366,"column":17},"end":{"line":366,"column":35}},"locations":[{"start":{"line":366,"column":17},"end":{"line":366,"column":35}}]},"53":{"type":"branch","line":406,"loc":{"start":{"line":406,"column":31},"end":{"line":414,"column":33}},"locations":[{"start":{"line":406,"column":31},"end":{"line":414,"column":33}}]},"54":{"type":"branch","line":414,"loc":{"start":{"line":414,"column":38},"end":{"line":422,"column":14}},"locations":[{"start":{"line":414,"column":38},"end":{"line":422,"column":14}}]},"55":{"type":"branch","line":519,"loc":{"start":{"line":519,"column":16},"end":{"line":558,"column":7}},"locations":[{"start":{"line":519,"column":16},"end":{"line":558,"column":7}}]},"56":{"type":"branch","line":520,"loc":{"start":{"line":520,"column":28},"end":{"line":531,"column":14}},"locations":[{"start":{"line":520,"column":28},"end":{"line":531,"column":14}}]},"57":{"type":"branch","line":534,"loc":{"start":{"line":534,"column":18},"end":{"line":534,"column":57}},"locations":[{"start":{"line":534,"column":18},"end":{"line":534,"column":57}}]},"58":{"type":"branch","line":534,"loc":{"start":{"line":534,"column":49},"end":{"line":534,"column":80}},"locations":[{"start":{"line":534,"column":49},"end":{"line":534,"column":80}}]},"59":{"type":"branch","line":567,"loc":{"start":{"line":567,"column":2},"end":{"line":675,"column":2}},"locations":[{"start":{"line":567,"column":2},"end":{"line":675,"column":2}}]},"60":{"type":"branch","line":575,"loc":{"start":{"line":575,"column":6},"end":{"line":583,"column":14}},"locations":[{"start":{"line":575,"column":6},"end":{"line":583,"column":14}}]},"61":{"type":"branch","line":584,"loc":{"start":{"line":584,"column":6},"end":{"line":592,"column":14}},"locations":[{"start":{"line":584,"column":6},"end":{"line":592,"column":14}}]},"62":{"type":"branch","line":593,"loc":{"start":{"line":593,"column":6},"end":{"line":610,"column":14}},"locations":[{"start":{"line":593,"column":6},"end":{"line":610,"column":14}}]},"63":{"type":"branch","line":611,"loc":{"start":{"line":611,"column":6},"end":{"line":620,"column":14}},"locations":[{"start":{"line":611,"column":6},"end":{"line":620,"column":14}}]},"64":{"type":"branch","line":621,"loc":{"start":{"line":621,"column":6},"end":{"line":627,"column":10}},"locations":[{"start":{"line":621,"column":6},"end":{"line":627,"column":10}}]},"65":{"type":"branch","line":637,"loc":{"start":{"line":637,"column":29},"end":{"line":656,"column":7}},"locations":[{"start":{"line":637,"column":29},"end":{"line":656,"column":7}}]},"66":{"type":"branch","line":680,"loc":{"start":{"line":680,"column":2},"end":{"line":802,"column":2}},"locations":[{"start":{"line":680,"column":2},"end":{"line":802,"column":2}}]},"67":{"type":"branch","line":688,"loc":{"start":{"line":688,"column":6},"end":{"line":696,"column":14}},"locations":[{"start":{"line":688,"column":6},"end":{"line":696,"column":14}}]},"68":{"type":"branch","line":697,"loc":{"start":{"line":697,"column":6},"end":{"line":718,"column":14}},"locations":[{"start":{"line":697,"column":6},"end":{"line":718,"column":14}}]},"69":{"type":"branch","line":719,"loc":{"start":{"line":719,"column":6},"end":{"line":741,"column":14}},"locations":[{"start":{"line":719,"column":6},"end":{"line":741,"column":14}}]},"70":{"type":"branch","line":721,"loc":{"start":{"line":721,"column":44},"end":{"line":727,"column":30}},"locations":[{"start":{"line":721,"column":44},"end":{"line":727,"column":30}}]},"71":{"type":"branch","line":742,"loc":{"start":{"line":742,"column":6},"end":{"line":750,"column":14}},"locations":[{"start":{"line":742,"column":6},"end":{"line":750,"column":14}}]},"72":{"type":"branch","line":751,"loc":{"start":{"line":751,"column":6},"end":{"line":757,"column":10}},"locations":[{"start":{"line":751,"column":6},"end":{"line":757,"column":10}}]},"73":{"type":"branch","line":795,"loc":{"start":{"line":795,"column":21},"end":{"line":796,"column":79}},"locations":[{"start":{"line":795,"column":21},"end":{"line":796,"column":79}}]},"74":{"type":"branch","line":796,"loc":{"start":{"line":796,"column":75},"end":{"line":797,"column":19}},"locations":[{"start":{"line":796,"column":75},"end":{"line":797,"column":19}}]},"75":{"type":"branch","line":773,"loc":{"start":{"line":773,"column":23},"end":{"line":792,"column":7}},"locations":[{"start":{"line":773,"column":23},"end":{"line":792,"column":7}}]},"76":{"type":"branch","line":822,"loc":{"start":{"line":822,"column":6},"end":{"line":824,"column":14}},"locations":[{"start":{"line":822,"column":6},"end":{"line":824,"column":14}}]},"77":{"type":"branch","line":825,"loc":{"start":{"line":825,"column":6},"end":{"line":827,"column":14}},"locations":[{"start":{"line":825,"column":6},"end":{"line":827,"column":14}}]},"78":{"type":"branch","line":828,"loc":{"start":{"line":828,"column":6},"end":{"line":830,"column":14}},"locations":[{"start":{"line":828,"column":6},"end":{"line":830,"column":14}}]},"79":{"type":"branch","line":831,"loc":{"start":{"line":831,"column":6},"end":{"line":833,"column":14}},"locations":[{"start":{"line":831,"column":6},"end":{"line":833,"column":14}}]},"80":{"type":"branch","line":834,"loc":{"start":{"line":834,"column":6},"end":{"line":836,"column":14}},"locations":[{"start":{"line":834,"column":6},"end":{"line":836,"column":14}}]},"81":{"type":"branch","line":837,"loc":{"start":{"line":837,"column":6},"end":{"line":838,"column":64}},"locations":[{"start":{"line":837,"column":6},"end":{"line":838,"column":64}}]}},"b":{"0":[36],"1":[27],"2":[3],"3":[0],"4":[3],"5":[0],"6":[3],"7":[0],"8":[0],"9":[0],"10":[0],"11":[41],"12":[29],"13":[4],"14":[0],"15":[4],"16":[0],"17":[0],"18":[0],"19":[4],"20":[0],"21":[0],"22":[0],"23":[0],"24":[246],"25":[33],"26":[25],"27":[3],"28":[3],"29":[2],"30":[0],"31":[3],"32":[0],"33":[0],"34":[3],"35":[0],"36":[0],"37":[0],"38":[0],"39":[0],"40":[0],"41":[0],"42":[25],"43":[0],"44":[0],"45":[0],"46":[0],"47":[0],"48":[0],"49":[0],"50":[0],"51":[0],"52":[0],"53":[1],"54":[1],"55":[99],"56":[33],"57":[33],"58":[33],"59":[31],"60":[25],"61":[2],"62":[2],"63":[2],"64":[0],"65":[62],"66":[31],"67":[25],"68":[2],"69":[2],"70":[0],"71":[2],"72":[0],"73":[6],"74":[25],"75":[62],"76":[32],"77":[28],"78":[26],"79":[26],"80":[26],"81":[1]},"fnMap":{"0":{"name":"getMathematicalTriadic","decl":{"start":{"line":292,"column":10},"end":{"line":296,"column":6}},"loc":{"start":{"line":292,"column":10},"end":{"line":296,"column":6}},"line":292}},"f":{"0":25}}
,"/Users/meodai/Sites/pro-palette/src/utils/color.ts": {"path":"/Users/meodai/Sites/pro-palette/src/utils/color.ts","all":false,"statementMap":{"5":{"start":{"line":6,"column":0},"end":{"line":6,"column":31}},"8":{"start":{"line":9,"column":0},"end":{"line":9,"column":29}},"9":{"start":{"line":10,"column":0},"end":{"line":10,"column":30}},"10":{"start":{"line":11,"column":0},"end":{"line":11,"column":27}},"11":{"start":{"line":12,"column":0},"end":{"line":12,"column":26}},"12":{"start":{"line":13,"column":0},"end":{"line":13,"column":2}},"17":{"start":{"line":18,"column":0},"end":{"line":18,"column":68}},"18":{"start":{"line":19,"column":0},"end":{"line":19,"column":10}},"19":{"start":{"line":20,"column":0},"end":{"line":20,"column":69}},"20":{"start":{"line":21,"column":0},"end":{"line":21,"column":69}},"21":{"start":{"line":22,"column":0},"end":{"line":22,"column":31}},"22":{"start":{"line":23,"column":0},"end":{"line":23,"column":4}},"28":{"start":{"line":29,"column":0},"end":{"line":29,"column":51}},"29":{"start":{"line":30,"column":0},"end":{"line":30,"column":35}},"35":{"start":{"line":36,"column":0},"end":{"line":36,"column":87}},"36":{"start":{"line":37,"column":0},"end":{"line":37,"column":28}},"37":{"start":{"line":38,"column":0},"end":{"line":38,"column":10}},"38":{"start":{"line":39,"column":0},"end":{"line":39,"column":21}},"39":{"start":{"line":40,"column":0},"end":{"line":40,"column":19}},"40":{"start":{"line":41,"column":0},"end":{"line":41,"column":19}},"41":{"start":{"line":42,"column":0},"end":{"line":42,"column":4}},"47":{"start":{"line":48,"column":0},"end":{"line":48,"column":75}},"48":{"start":{"line":49,"column":0},"end":{"line":49,"column":66}},"54":{"start":{"line":55,"column":0},"end":{"line":55,"column":88}},"55":{"start":{"line":56,"column":0},"end":{"line":56,"column":22}},"56":{"start":{"line":57,"column":0},"end":{"line":57,"column":78}},"57":{"start":{"line":58,"column":0},"end":{"line":58,"column":70}},"58":{"start":{"line":59,"column":0},"end":{"line":59,"column":4}},"60":{"start":{"line":61,"column":0},"end":{"line":61,"column":24}},"61":{"start":{"line":62,"column":0},"end":{"line":62,"column":34}},"62":{"start":{"line":63,"column":0},"end":{"line":63,"column":64}},"63":{"start":{"line":64,"column":0},"end":{"line":64,"column":51}},"64":{"start":{"line":65,"column":0},"end":{"line":65,"column":12}},"68":{"start":{"line":69,"column":0},"end":{"line":69,"column":52}}},"s":{"5":1,"8":1,"9":1,"10":1,"11":1,"12":1,"17":1,"18":1,"19":1,"20":1,"21":1,"22":1,"28":1,"29":1,"35":1,"36":1,"37":1,"38":1,"39":1,"40":1,"41":1,"47":1,"48":1,"54":1,"55":1,"56":1,"57":1,"58":1,"60":1,"61":1,"62":1,"63":1,"64":1,"68":1},"branchMap":{"0":{"type":"branch","line":39,"loc":{"start":{"line":39,"column":12},"end":{"line":39,"column":21}},"locations":[{"start":{"line":39,"column":12},"end":{"line":39,"column":21}}]},"1":{"type":"branch","line":40,"loc":{"start":{"line":40,"column":12},"end":{"line":40,"column":19}},"locations":[{"start":{"line":40,"column":12},"end":{"line":40,"column":19}}]},"2":{"type":"branch","line":41,"loc":{"start":{"line":41,"column":12},"end":{"line":41,"column":19}},"locations":[{"start":{"line":41,"column":12},"end":{"line":41,"column":19}}]},"3":{"type":"branch","line":63,"loc":{"start":{"line":63,"column":20},"end":{"line":63,"column":48}},"locations":[{"start":{"line":63,"column":20},"end":{"line":63,"column":48}}]},"4":{"type":"branch","line":63,"loc":{"start":{"line":63,"column":41},"end":{"line":63,"column":63}},"locations":[{"start":{"line":63,"column":41},"end":{"line":63,"column":63}}]}},"b":{"0":[1],"1":[2],"2":[2],"3":[165],"4":[44]},"fnMap":{},"f":{}}
,"/Users/meodai/Sites/pro-palette/src/utils/index.ts": {"path":"/Users/meodai/Sites/pro-palette/src/utils/index.ts","all":false,"statementMap":{"5":{"start":{"line":6,"column":0},"end":{"line":6,"column":24}},"6":{"start":{"line":7,"column":0},"end":{"line":7,"column":32}},"7":{"start":{"line":8,"column":0},"end":{"line":8,"column":28}},"8":{"start":{"line":9,"column":0},"end":{"line":9,"column":26}}},"s":{"5":1,"6":1,"7":1,"8":1},"branchMap":{},"b":{},"fnMap":{},"f":{}}
,"/Users/meodai/Sites/pro-palette/src/utils/interpolation.ts": {"path":"/Users/meodai/Sites/pro-palette/src/utils/interpolation.ts","all":false,"statementMap":{"5":{"start":{"line":6,"column":0},"end":{"line":6,"column":31}},"6":{"start":{"line":7,"column":0},"end":{"line":7,"column":39}},"15":{"start":{"line":16,"column":0},"end":{"line":16,"column":60}},"16":{"start":{"line":17,"column":0},"end":{"line":17,"column":27}},"21":{"start":{"line":22,"column":0},"end":{"line":22,"column":92}},"22":{"start":{"line":23,"column":0},"end":{"line":23,"column":24}},"23":{"start":{"line":24,"column":0},"end":{"line":24,"column":22}},"24":{"start":{"line":25,"column":0},"end":{"line":25,"column":10}},"25":{"start":{"line":26,"column":0},"end":{"line":26,"column":18}},"26":{"start":{"line":27,"column":0},"end":{"line":27,"column":27}},"27":{"start":{"line":28,"column":0},"end":{"line":28,"column":27}},"28":{"start":{"line":29,"column":0},"end":{"line":29,"column":27}},"29":{"start":{"line":30,"column":0},"end":{"line":30,"column":19}},"35":{"start":{"line":36,"column":0},"end":{"line":36,"column":178}},"37":{"start":{"line":38,"column":0},"end":{"line":38,"column":50}},"38":{"start":{"line":39,"column":0},"end":{"line":39,"column":24}},"39":{"start":{"line":40,"column":0},"end":{"line":40,"column":23}},"42":{"start":{"line":43,"column":0},"end":{"line":43,"column":28}},"43":{"start":{"line":44,"column":0},"end":{"line":44,"column":32}},"44":{"start":{"line":45,"column":0},"end":{"line":45,"column":33}},"46":{"start":{"line":47,"column":0},"end":{"line":47,"column":33}},"48":{"start":{"line":49,"column":0},"end":{"line":49,"column":10}},"49":{"start":{"line":50,"column":0},"end":{"line":50,"column":31}},"50":{"start":{"line":51,"column":0},"end":{"line":51,"column":31}},"51":{"start":{"line":52,"column":0},"end":{"line":52,"column":23}},"52":{"start":{"line":53,"column":0},"end":{"line":53,"column":4}},"58":{"start":{"line":59,"column":0},"end":{"line":59,"column":36}},"59":{"start":{"line":60,"column":0},"end":{"line":60,"column":20}},"60":{"start":{"line":61,"column":0},"end":{"line":61,"column":21}},"61":{"start":{"line":62,"column":0},"end":{"line":62,"column":14}},"62":{"start":{"line":63,"column":0},"end":{"line":63,"column":68}},"63":{"start":{"line":64,"column":0},"end":{"line":64,"column":11}},"65":{"start":{"line":66,"column":0},"end":{"line":66,"column":49}},"66":{"start":{"line":67,"column":0},"end":{"line":67,"column":73}},"68":{"start":{"line":69,"column":0},"end":{"line":69,"column":38}},"69":{"start":{"line":70,"column":0},"end":{"line":70,"column":54}},"71":{"start":{"line":72,"column":0},"end":{"line":72,"column":58}},"72":{"start":{"line":73,"column":0},"end":{"line":73,"column":20}},"73":{"start":{"line":74,"column":0},"end":{"line":74,"column":83}},"74":{"start":{"line":75,"column":0},"end":{"line":75,"column":6}},"78":{"start":{"line":79,"column":0},"end":{"line":79,"column":21}},"80":{"start":{"line":81,"column":0},"end":{"line":81,"column":57}},"81":{"start":{"line":82,"column":0},"end":{"line":82,"column":72}},"83":{"start":{"line":84,"column":0},"end":{"line":84,"column":43}},"84":{"start":{"line":85,"column":0},"end":{"line":85,"column":48}},"85":{"start":{"line":86,"column":0},"end":{"line":86,"column":48}},"86":{"start":{"line":87,"column":0},"end":{"line":87,"column":38}},"87":{"start":{"line":88,"column":0},"end":{"line":88,"column":20}},"88":{"start":{"line":89,"column":0},"end":{"line":89,"column":43}},"94":{"start":{"line":95,"column":0},"end":{"line":95,"column":53}},"95":{"start":{"line":96,"column":0},"end":{"line":96,"column":41}},"96":{"start":{"line":97,"column":0},"end":{"line":97,"column":42}},"98":{"start":{"line":99,"column":0},"end":{"line":99,"column":40}},"99":{"start":{"line":100,"column":0},"end":{"line":100,"column":17}},"102":{"start":{"line":103,"column":0},"end":{"line":103,"column":43}},"103":{"start":{"line":104,"column":0},"end":{"line":104,"column":37}},"105":{"start":{"line":106,"column":0},"end":{"line":106,"column":66}},"106":{"start":{"line":107,"column":0},"end":{"line":107,"column":17}},"109":{"start":{"line":110,"column":0},"end":{"line":110,"column":53}},"110":{"start":{"line":111,"column":0},"end":{"line":111,"column":48}},"111":{"start":{"line":112,"column":0},"end":{"line":112,"column":73}},"115":{"start":{"line":116,"column":0},"end":{"line":116,"column":36}},"119":{"start":{"line":120,"column":0},"end":{"line":120,"column":25}},"122":{"start":{"line":123,"column":0},"end":{"line":123,"column":30}},"123":{"start":{"line":124,"column":0},"end":{"line":124,"column":32}},"126":{"start":{"line":127,"column":0},"end":{"line":127,"column":40}},"128":{"start":{"line":129,"column":0},"end":{"line":129,"column":60}},"131":{"start":{"line":132,"column":0},"end":{"line":132,"column":66}},"134":{"start":{"line":135,"column":0},"end":{"line":135,"column":25}},"135":{"start":{"line":136,"column":0},"end":{"line":136,"column":59}},"136":{"start":{"line":137,"column":0},"end":{"line":137,"column":45}},"137":{"start":{"line":138,"column":0},"end":{"line":138,"column":6}},"139":{"start":{"line":140,"column":0},"end":{"line":140,"column":58}},"140":{"start":{"line":141,"column":0},"end":{"line":141,"column":46}},"141":{"start":{"line":142,"column":0},"end":{"line":142,"column":60}},"142":{"start":{"line":143,"column":0},"end":{"line":143,"column":29}},"143":{"start":{"line":144,"column":0},"end":{"line":144,"column":14}},"145":{"start":{"line":146,"column":0},"end":{"line":146,"column":49}},"146":{"start":{"line":147,"column":0},"end":{"line":147,"column":29}},"151":{"start":{"line":152,"column":0},"end":{"line":152,"column":80}},"154":{"start":{"line":155,"column":0},"end":{"line":155,"column":64}},"155":{"start":{"line":156,"column":0},"end":{"line":156,"column":66}},"158":{"start":{"line":159,"column":0},"end":{"line":159,"column":21}},"159":{"start":{"line":160,"column":0},"end":{"line":160,"column":36}},"160":{"start":{"line":161,"column":0},"end":{"line":161,"column":74}},"164":{"start":{"line":165,"column":0},"end":{"line":165,"column":49}},"165":{"start":{"line":166,"column":0},"end":{"line":166,"column":51}},"167":{"start":{"line":168,"column":0},"end":{"line":168,"column":59}},"168":{"start":{"line":169,"column":0},"end":{"line":169,"column":73}},"172":{"start":{"line":173,"column":0},"end":{"line":173,"column":61}},"174":{"start":{"line":175,"column":0},"end":{"line":175,"column":23}},"177":{"start":{"line":178,"column":0},"end":{"line":178,"column":16}}},"s":{"5":1,"6":1,"15":1,"16":32,"21":1,"22":1,"23":1,"24":1,"25":1,"26":1,"27":1,"28":1,"29":1,"35":1,"37":1,"38":1,"39":1,"42":4,"43":1,"44":1,"46":1,"48":1,"49":1,"50":1,"51":1,"52":1,"58":1,"59":1,"60":1,"61":1,"62":1,"63":1,"65":1,"66":1,"68":1,"69":1,"71":1,"72":1,"73":1,"74":1,"78":1,"80":1,"81":1,"83":1,"84":1,"85":1,"86":1,"87":1,"88":1,"94":1,"95":1,"96":1,"98":1,"99":1,"102":1,"103":1,"105":1,"106":1,"109":1,"110":1,"111":1,"115":1,"119":1,"122":1,"123":1,"126":1,"128":1,"131":1,"134":1,"135":1,"136":12,"137":1,"139":1,"140":1,"141":1,"142":1,"143":1,"145":1,"146":1,"151":1,"154":1,"155":1,"158":1,"159":1,"160":1,"164":1,"165":1,"167":1,"168":1,"172":1,"174":1,"177":1},"branchMap":{"0":{"type":"branch","line":16,"loc":{"start":{"line":16,"column":13},"end":{"line":17,"column":27}},"locations":[{"start":{"line":16,"column":13},"end":{"line":17,"column":27}}]},"1":{"type":"branch","line":38,"loc":{"start":{"line":38,"column":7},"end":{"line":38,"column":20}},"locations":[{"start":{"line":38,"column":7},"end":{"line":38,"column":20}}]},"2":{"type":"branch","line":38,"loc":{"start":{"line":38,"column":20},"end":{"line":38,"column":50}},"locations":[{"start":{"line":38,"column":20},"end":{"line":38,"column":50}}]},"3":{"type":"branch","line":38,"loc":{"start":{"line":38,"column":49},"end":{"line":39,"column":20}},"locations":[{"start":{"line":38,"column":49},"end":{"line":39,"column":20}}]},"4":{"type":"branch","line":39,"loc":{"start":{"line":39,"column":13},"end":{"line":39,"column":24}},"locations":[{"start":{"line":39,"column":13},"end":{"line":39,"column":24}}]},"5":{"type":"branch","line":39,"loc":{"start":{"line":39,"column":20},"end":{"line":40,"column":18}},"locations":[{"start":{"line":39,"column":20},"end":{"line":40,"column":18}}]},"6":{"type":"branch","line":40,"loc":{"start":{"line":40,"column":11},"end":{"line":40,"column":23}},"locations":[{"start":{"line":40,"column":11},"end":{"line":40,"column":23}}]},"7":{"type":"branch","line":40,"loc":{"start":{"line":40,"column":18},"end":{"line":44,"column":28}},"locations":[{"start":{"line":40,"column":18},"end":{"line":44,"column":28}}]},"8":{"type":"branch","line":44,"loc":{"start":{"line":44,"column":19},"end":{"line":44,"column":32}},"locations":[{"start":{"line":44,"column":19},"end":{"line":44,"column":32}}]},"9":{"type":"branch","line":44,"loc":{"start":{"line":44,"column":28},"end":{"line":45,"column":29}},"locations":[{"start":{"line":44,"column":28},"end":{"line":45,"column":29}}]},"10":{"type":"branch","line":45,"loc":{"start":{"line":45,"column":20},"end":{"line":45,"column":33}},"locations":[{"start":{"line":45,"column":20},"end":{"line":45,"column":33}}]},"11":{"type":"branch","line":69,"loc":{"start":{"line":69,"column":19},"end":{"line":69,"column":37}},"locations":[{"start":{"line":69,"column":19},"end":{"line":69,"column":37}}]},"12":{"type":"branch","line":72,"loc":{"start":{"line":72,"column":32},"end":{"line":72,"column":57}},"locations":[{"start":{"line":72,"column":32},"end":{"line":72,"column":57}}]},"13":{"type":"branch","line":129,"loc":{"start":{"line":129,"column":29},"end":{"line":129,"column":39}},"locations":[{"start":{"line":129,"column":29},"end":{"line":129,"column":39}}]},"14":{"type":"branch","line":129,"loc":{"start":{"line":129,"column":33},"end":{"line":129,"column":60}},"locations":[{"start":{"line":129,"column":33},"end":{"line":129,"column":60}}]},"15":{"type":"branch","line":156,"loc":{"start":{"line":156,"column":58},"end":{"line":156,"column":66}},"locations":[{"start":{"line":156,"column":58},"end":{"line":156,"column":66}}]},"16":{"type":"branch","line":82,"loc":{"start":{"line":82,"column":43},"end":{"line":82,"column":70}},"locations":[{"start":{"line":82,"column":43},"end":{"line":82,"column":70}}]},"17":{"type":"branch","line":136,"loc":{"start":{"line":136,"column":55},"end":{"line":137,"column":45}},"locations":[{"start":{"line":136,"column":55},"end":{"line":137,"column":45}}]}},"b":{"0":[32],"1":[2],"2":[1],"3":[6],"4":[1],"5":[5],"6":[1],"7":[4],"8":[1],"9":[4],"10":[2],"11":[0],"12":[2],"13":[1],"14":[5],"15":[0],"16":[10],"17":[12]},"fnMap":{"0":{"name":"lerp","decl":{"start":{"line":16,"column":13},"end":{"line":17,"column":27}},"loc":{"start":{"line":16,"column":13},"end":{"line":17,"column":27}},"line":16}},"f":{"0":32}}
,"/Users/meodai/Sites/pro-palette/src/utils/modifiers.ts": {"path":"/Users/meodai/Sites/pro-palette/src/utils/modifiers.ts","all":false,"statementMap":{"5":{"start":{"line":6,"column":0},"end":{"line":6,"column":37}},"7":{"start":{"line":8,"column":0},"end":{"line":8,"column":89}},"8":{"start":{"line":9,"column":0},"end":{"line":9,"column":37}},"9":{"start":{"line":10,"column":0},"end":{"line":10,"column":45}},"11":{"start":{"line":12,"column":0},"end":{"line":12,"column":38}},"12":{"start":{"line":13,"column":0},"end":{"line":13,"column":79}},"13":{"start":{"line":14,"column":0},"end":{"line":14,"column":62}},"14":{"start":{"line":15,"column":0},"end":{"line":15,"column":71}},"15":{"start":{"line":16,"column":0},"end":{"line":16,"column":45}},"17":{"start":{"line":18,"column":0},"end":{"line":18,"column":46}},"18":{"start":{"line":19,"column":0},"end":{"line":19,"column":94}},"20":{"start":{"line":21,"column":0},"end":{"line":21,"column":30}},"22":{"start":{"line":23,"column":0},"end":{"line":23,"column":59}},"23":{"start":{"line":24,"column":0},"end":{"line":24,"column":5}},"26":{"start":{"line":27,"column":0},"end":{"line":27,"column":89}},"27":{"start":{"line":28,"column":0},"end":{"line":28,"column":42}},"28":{"start":{"line":29,"column":0},"end":{"line":29,"column":34}},"29":{"start":{"line":30,"column":0},"end":{"line":30,"column":41}},"31":{"start":{"line":32,"column":0},"end":{"line":32,"column":38}},"32":{"start":{"line":33,"column":0},"end":{"line":33,"column":89}},"34":{"start":{"line":35,"column":0},"end":{"line":35,"column":33}},"35":{"start":{"line":36,"column":0},"end":{"line":36,"column":35}},"38":{"start":{"line":39,"column":0},"end":{"line":39,"column":44}},"40":{"start":{"line":41,"column":0},"end":{"line":41,"column":50}},"41":{"start":{"line":42,"column":0},"end":{"line":42,"column":62}},"42":{"start":{"line":43,"column":0},"end":{"line":43,"column":51}},"44":{"start":{"line":45,"column":0},"end":{"line":45,"column":30}},"46":{"start":{"line":47,"column":0},"end":{"line":47,"column":78}},"47":{"start":{"line":48,"column":0},"end":{"line":48,"column":5}},"50":{"start":{"line":51,"column":0},"end":{"line":51,"column":88}},"51":{"start":{"line":52,"column":0},"end":{"line":52,"column":47}},"52":{"start":{"line":53,"column":0},"end":{"line":53,"column":36}},"54":{"start":{"line":55,"column":0},"end":{"line":55,"column":38}},"55":{"start":{"line":56,"column":0},"end":{"line":56,"column":64}},"56":{"start":{"line":57,"column":0},"end":{"line":57,"column":64}},"57":{"start":{"line":58,"column":0},"end":{"line":58,"column":48}},"59":{"start":{"line":60,"column":0},"end":{"line":60,"column":45}},"60":{"start":{"line":61,"column":0},"end":{"line":61,"column":45}},"62":{"start":{"line":63,"column":0},"end":{"line":63,"column":43}},"63":{"start":{"line":64,"column":0},"end":{"line":64,"column":42}},"64":{"start":{"line":65,"column":0},"end":{"line":65,"column":53}},"66":{"start":{"line":67,"column":0},"end":{"line":67,"column":30}},"68":{"start":{"line":69,"column":0},"end":{"line":69,"column":73}},"69":{"start":{"line":70,"column":0},"end":{"line":70,"column":5}},"72":{"start":{"line":73,"column":0},"end":{"line":73,"column":90}},"73":{"start":{"line":74,"column":0},"end":{"line":74,"column":45}},"74":{"start":{"line":75,"column":0},"end":{"line":75,"column":37}},"75":{"start":{"line":76,"column":0},"end":{"line":76,"column":41}},"77":{"start":{"line":78,"column":0},"end":{"line":78,"column":38}},"78":{"start":{"line":79,"column":0},"end":{"line":79,"column":66}},"79":{"start":{"line":80,"column":0},"end":{"line":80,"column":87}},"81":{"start":{"line":82,"column":0},"end":{"line":82,"column":74}},"82":{"start":{"line":83,"column":0},"end":{"line":83,"column":73}},"84":{"start":{"line":85,"column":0},"end":{"line":85,"column":61}},"85":{"start":{"line":86,"column":0},"end":{"line":86,"column":90}},"86":{"start":{"line":87,"column":0},"end":{"line":87,"column":95}},"88":{"start":{"line":89,"column":0},"end":{"line":89,"column":30}},"90":{"start":{"line":91,"column":0},"end":{"line":91,"column":73}},"91":{"start":{"line":92,"column":0},"end":{"line":92,"column":5}},"97":{"start":{"line":98,"column":0},"end":{"line":98,"column":31}},"98":{"start":{"line":99,"column":0},"end":{"line":99,"column":26}},"99":{"start":{"line":100,"column":0},"end":{"line":100,"column":58}},"100":{"start":{"line":101,"column":0},"end":{"line":101,"column":19}},"101":{"start":{"line":102,"column":0},"end":{"line":102,"column":33}},"103":{"start":{"line":104,"column":0},"end":{"line":104,"column":37}},"104":{"start":{"line":105,"column":0},"end":{"line":105,"column":28}},"106":{"start":{"line":107,"column":0},"end":{"line":107,"column":44}},"107":{"start":{"line":108,"column":0},"end":{"line":108,"column":44}},"108":{"start":{"line":109,"column":0},"end":{"line":109,"column":43}},"109":{"start":{"line":110,"column":0},"end":{"line":110,"column":45}},"111":{"start":{"line":112,"column":0},"end":{"line":112,"column":16}}},"s":{"5":1,"7":1,"8":1,"9":1,"11":1,"12":90,"13":90,"14":90,"15":90,"17":90,"18":90,"20":90,"22":90,"23":90,"26":1,"27":1,"28":1,"29":1,"31":1,"32":42,"34":42,"35":42,"38":42,"40":42,"41":42,"42":42,"44":42,"46":42,"47":42,"50":1,"51":1,"52":1,"54":1,"55":42,"56":42,"57":42,"59":42,"60":42,"62":42,"63":42,"64":42,"66":42,"68":42,"69":42,"72":1,"73":1,"74":1,"75":1,"77":1,"78":36,"79":36,"81":36,"82":36,"84":36,"85":36,"86":36,"88":36,"90":36,"91":36,"97":1,"98":1,"99":1,"100":1,"101":1,"103":11,"104":11,"106":12,"107":1,"108":1,"109":1,"111":1},"branchMap":{"0":{"type":"branch","line":12,"loc":{"start":{"line":12,"column":17},"end":{"line":24,"column":5}},"locations":[{"start":{"line":12,"column":17},"end":{"line":24,"column":5}}]},"1":{"type":"branch","line":32,"loc":{"start":{"line":32,"column":17},"end":{"line":48,"column":5}},"locations":[{"start":{"line":32,"column":17},"end":{"line":48,"column":5}}]},"2":{"type":"branch","line":55,"loc":{"start":{"line":55,"column":17},"end":{"line":70,"column":5}},"locations":[{"start":{"line":55,"column":17},"end":{"line":70,"column":5}}]},"3":{"type":"branch","line":78,"loc":{"start":{"line":78,"column":17},"end":{"line":92,"column":5}},"locations":[{"start":{"line":78,"column":17},"end":{"line":92,"column":5}}]},"4":{"type":"branch","line":102,"loc":{"start":{"line":102,"column":18},"end":{"line":102,"column":33}},"locations":[{"start":{"line":102,"column":18},"end":{"line":102,"column":33}}]},"5":{"type":"branch","line":102,"loc":{"start":{"line":102,"column":25},"end":{"line":108,"column":19}},"locations":[{"start":{"line":102,"column":25},"end":{"line":108,"column":19}}]},"6":{"type":"branch","line":102,"loc":{"start":{"line":102,"column":25},"end":{"line":107,"column":19}},"locations":[{"start":{"line":102,"column":25},"end":{"line":107,"column":19}}]},"7":{"type":"branch","line":107,"loc":{"start":{"line":107,"column":10},"end":{"line":107,"column":44}},"locations":[{"start":{"line":107,"column":10},"end":{"line":107,"column":44}}]},"8":{"type":"branch","line":107,"loc":{"start":{"line":107,"column":43},"end":{"line":108,"column":19}},"locations":[{"start":{"line":107,"column":43},"end":{"line":108,"column":19}}]},"9":{"type":"branch","line":108,"loc":{"start":{"line":108,"column":10},"end":{"line":108,"column":44}},"locations":[{"start":{"line":108,"column":10},"end":{"line":108,"column":44}}]},"10":{"type":"branch","line":108,"loc":{"start":{"line":108,"column":43},"end":{"line":109,"column":19}},"locations":[{"start":{"line":108,"column":43},"end":{"line":109,"column":19}}]},"11":{"type":"branch","line":109,"loc":{"start":{"line":109,"column":10},"end":{"line":109,"column":43}},"locations":[{"start":{"line":109,"column":10},"end":{"line":109,"column":43}}]},"12":{"type":"branch","line":109,"loc":{"start":{"line":109,"column":42},"end":{"line":110,"column":19}},"locations":[{"start":{"line":109,"column":42},"end":{"line":110,"column":19}}]},"13":{"type":"branch","line":110,"loc":{"start":{"line":110,"column":10},"end":{"line":110,"column":45}},"locations":[{"start":{"line":110,"column":10},"end":{"line":110,"column":45}}]}},"b":{"0":[90],"1":[42],"2":[42],"3":[36],"4":[143],"5":[12],"6":[11],"7":[10],"8":[11],"9":[3],"10":[11],"11":[3],"12":[11],"13":[2]},"fnMap":{},"f":{}}
,"/Users/meodai/Sites/pro-palette/src/utils/palette.ts": {"path":"/Users/meodai/Sites/pro-palette/src/utils/palette.ts","all":false,"statementMap":{"6":{"start":{"line":7,"column":0},"end":{"line":7,"column":39}},"7":{"start":{"line":8,"column":0},"end":{"line":8,"column":27}},"8":{"start":{"line":9,"column":0},"end":{"line":9,"column":16}},"13":{"start":{"line":14,"column":0},"end":{"line":14,"column":3}},"14":{"start":{"line":15,"column":0},"end":{"line":15,"column":75}},"15":{"start":{"line":16,"column":0},"end":{"line":16,"column":30}},"16":{"start":{"line":17,"column":0},"end":{"line":17,"column":40}},"18":{"start":{"line":19,"column":0},"end":{"line":19,"column":9}},"19":{"start":{"line":20,"column":0},"end":{"line":20,"column":20}},"20":{"start":{"line":21,"column":0},"end":{"line":21,"column":23}},"21":{"start":{"line":22,"column":0},"end":{"line":22,"column":23}},"22":{"start":{"line":23,"column":0},"end":{"line":23,"column":28}},"23":{"start":{"line":24,"column":0},"end":{"line":24,"column":8}},"25":{"start":{"line":26,"column":0},"end":{"line":26,"column":50}},"26":{"start":{"line":27,"column":0},"end":{"line":27,"column":21}},"27":{"start":{"line":28,"column":0},"end":{"line":28,"column":76}}},"s":{"6":1,"7":1,"8":1,"13":1,"14":1,"15":1,"16":1,"18":1,"19":1,"20":1,"21":1,"22":1,"23":1,"25":1,"26":1,"27":1},"branchMap":{"0":{"type":"branch","line":23,"loc":{"start":{"line":23,"column":21},"end":{"line":23,"column":28}},"locations":[{"start":{"line":23,"column":21},"end":{"line":23,"column":28}}]}},"b":{"0":[10]},"fnMap":{},"f":{}}
}
